2024-08-01 23:00:22,947 DEBUG [HikariPool-1 housekeeper][HikariPool.java:421] - HikariPool-1 - Pool stats (total=10, active=0, idle=10, waiting=0)
2024-08-01 23:00:22,947 DEBUG [HikariPool-1 housekeeper][HikariPool.java:421] - HikariPool-1 - Pool stats (total=10, active=0, idle=10, waiting=0)
2024-08-01 23:00:22,981 DEBUG [HikariPool-1 housekeeper][HikariPool.java:518] - HikariPool-1 - Fill pool skipped, pool is at sufficient level.
2024-08-01 23:00:22,981 DEBUG [HikariPool-1 housekeeper][HikariPool.java:518] - HikariPool-1 - Fill pool skipped, pool is at sufficient level.
2024-08-01 23:00:52,991 DEBUG [HikariPool-1 housekeeper][HikariPool.java:421] - HikariPool-1 - Pool stats (total=10, active=0, idle=10, waiting=0)
2024-08-01 23:00:52,991 DEBUG [HikariPool-1 housekeeper][HikariPool.java:421] - HikariPool-1 - Pool stats (total=10, active=0, idle=10, waiting=0)
2024-08-01 23:00:52,992 DEBUG [HikariPool-1 housekeeper][HikariPool.java:518] - HikariPool-1 - Fill pool skipped, pool is at sufficient level.
2024-08-01 23:00:52,992 DEBUG [HikariPool-1 housekeeper][HikariPool.java:518] - HikariPool-1 - Fill pool skipped, pool is at sufficient level.
2024-08-01 23:01:23,008 DEBUG [HikariPool-1 housekeeper][HikariPool.java:421] - HikariPool-1 - Pool stats (total=10, active=0, idle=10, waiting=0)
2024-08-01 23:01:23,008 DEBUG [HikariPool-1 housekeeper][HikariPool.java:421] - HikariPool-1 - Pool stats (total=10, active=0, idle=10, waiting=0)
2024-08-01 23:01:23,008 DEBUG [HikariPool-1 housekeeper][HikariPool.java:518] - HikariPool-1 - Fill pool skipped, pool is at sufficient level.
2024-08-01 23:01:23,008 DEBUG [HikariPool-1 housekeeper][HikariPool.java:518] - HikariPool-1 - Fill pool skipped, pool is at sufficient level.
2024-08-01 23:01:53,018 DEBUG [HikariPool-1 housekeeper][HikariPool.java:421] - HikariPool-1 - Pool stats (total=10, active=0, idle=10, waiting=0)
2024-08-01 23:01:53,018 DEBUG [HikariPool-1 housekeeper][HikariPool.java:421] - HikariPool-1 - Pool stats (total=10, active=0, idle=10, waiting=0)
2024-08-01 23:01:53,019 DEBUG [HikariPool-1 housekeeper][HikariPool.java:518] - HikariPool-1 - Fill pool skipped, pool is at sufficient level.
2024-08-01 23:01:53,019 DEBUG [HikariPool-1 housekeeper][HikariPool.java:518] - HikariPool-1 - Fill pool skipped, pool is at sufficient level.
2024-08-01 23:02:23,023 DEBUG [HikariPool-1 housekeeper][HikariPool.java:421] - HikariPool-1 - Pool stats (total=10, active=0, idle=10, waiting=0)
2024-08-01 23:02:23,023 DEBUG [HikariPool-1 housekeeper][HikariPool.java:421] - HikariPool-1 - Pool stats (total=10, active=0, idle=10, waiting=0)
2024-08-01 23:02:23,023 DEBUG [HikariPool-1 housekeeper][HikariPool.java:518] - HikariPool-1 - Fill pool skipped, pool is at sufficient level.
2024-08-01 23:02:23,023 DEBUG [HikariPool-1 housekeeper][HikariPool.java:518] - HikariPool-1 - Fill pool skipped, pool is at sufficient level.
2024-08-01 23:02:53,035 DEBUG [HikariPool-1 housekeeper][HikariPool.java:421] - HikariPool-1 - Pool stats (total=10, active=0, idle=10, waiting=0)
2024-08-01 23:02:53,035 DEBUG [HikariPool-1 housekeeper][HikariPool.java:421] - HikariPool-1 - Pool stats (total=10, active=0, idle=10, waiting=0)
2024-08-01 23:02:53,036 DEBUG [HikariPool-1 housekeeper][HikariPool.java:518] - HikariPool-1 - Fill pool skipped, pool is at sufficient level.
2024-08-01 23:02:53,036 DEBUG [HikariPool-1 housekeeper][HikariPool.java:518] - HikariPool-1 - Fill pool skipped, pool is at sufficient level.
2024-08-01 23:03:23,039 DEBUG [HikariPool-1 housekeeper][HikariPool.java:421] - HikariPool-1 - Pool stats (total=10, active=0, idle=10, waiting=0)
2024-08-01 23:03:23,039 DEBUG [HikariPool-1 housekeeper][HikariPool.java:421] - HikariPool-1 - Pool stats (total=10, active=0, idle=10, waiting=0)
2024-08-01 23:03:23,039 DEBUG [HikariPool-1 housekeeper][HikariPool.java:518] - HikariPool-1 - Fill pool skipped, pool is at sufficient level.
2024-08-01 23:03:23,039 DEBUG [HikariPool-1 housekeeper][HikariPool.java:518] - HikariPool-1 - Fill pool skipped, pool is at sufficient level.
2024-08-01 23:03:53,045 DEBUG [HikariPool-1 housekeeper][HikariPool.java:421] - HikariPool-1 - Pool stats (total=10, active=0, idle=10, waiting=0)
2024-08-01 23:03:53,045 DEBUG [HikariPool-1 housekeeper][HikariPool.java:421] - HikariPool-1 - Pool stats (total=10, active=0, idle=10, waiting=0)
2024-08-01 23:03:53,045 DEBUG [HikariPool-1 housekeeper][HikariPool.java:518] - HikariPool-1 - Fill pool skipped, pool is at sufficient level.
2024-08-01 23:03:53,045 DEBUG [HikariPool-1 housekeeper][HikariPool.java:518] - HikariPool-1 - Fill pool skipped, pool is at sufficient level.
2024-08-01 23:04:23,058 DEBUG [HikariPool-1 housekeeper][HikariPool.java:421] - HikariPool-1 - Pool stats (total=10, active=0, idle=10, waiting=0)
2024-08-01 23:04:23,058 DEBUG [HikariPool-1 housekeeper][HikariPool.java:421] - HikariPool-1 - Pool stats (total=10, active=0, idle=10, waiting=0)
2024-08-01 23:04:23,058 DEBUG [HikariPool-1 housekeeper][HikariPool.java:518] - HikariPool-1 - Fill pool skipped, pool is at sufficient level.
2024-08-01 23:04:23,058 DEBUG [HikariPool-1 housekeeper][HikariPool.java:518] - HikariPool-1 - Fill pool skipped, pool is at sufficient level.
2024-08-01 23:04:53,068 DEBUG [HikariPool-1 housekeeper][HikariPool.java:421] - HikariPool-1 - Pool stats (total=10, active=0, idle=10, waiting=0)
2024-08-01 23:04:53,068 DEBUG [HikariPool-1 housekeeper][HikariPool.java:421] - HikariPool-1 - Pool stats (total=10, active=0, idle=10, waiting=0)
2024-08-01 23:04:53,069 DEBUG [HikariPool-1 housekeeper][HikariPool.java:518] - HikariPool-1 - Fill pool skipped, pool is at sufficient level.
2024-08-01 23:04:53,069 DEBUG [HikariPool-1 housekeeper][HikariPool.java:518] - HikariPool-1 - Fill pool skipped, pool is at sufficient level.
2024-08-01 23:05:23,082 DEBUG [HikariPool-1 housekeeper][HikariPool.java:421] - HikariPool-1 - Pool stats (total=10, active=0, idle=10, waiting=0)
2024-08-01 23:05:23,082 DEBUG [HikariPool-1 housekeeper][HikariPool.java:421] - HikariPool-1 - Pool stats (total=10, active=0, idle=10, waiting=0)
2024-08-01 23:05:23,082 DEBUG [HikariPool-1 housekeeper][HikariPool.java:518] - HikariPool-1 - Fill pool skipped, pool is at sufficient level.
2024-08-01 23:05:23,082 DEBUG [HikariPool-1 housekeeper][HikariPool.java:518] - HikariPool-1 - Fill pool skipped, pool is at sufficient level.
2024-08-01 23:05:53,089 DEBUG [HikariPool-1 housekeeper][HikariPool.java:421] - HikariPool-1 - Pool stats (total=10, active=0, idle=10, waiting=0)
2024-08-01 23:05:53,089 DEBUG [HikariPool-1 housekeeper][HikariPool.java:421] - HikariPool-1 - Pool stats (total=10, active=0, idle=10, waiting=0)
2024-08-01 23:05:53,089 DEBUG [HikariPool-1 housekeeper][HikariPool.java:518] - HikariPool-1 - Fill pool skipped, pool is at sufficient level.
2024-08-01 23:05:53,089 DEBUG [HikariPool-1 housekeeper][HikariPool.java:518] - HikariPool-1 - Fill pool skipped, pool is at sufficient level.
2024-08-01 23:06:23,095 DEBUG [HikariPool-1 housekeeper][HikariPool.java:421] - HikariPool-1 - Pool stats (total=10, active=0, idle=10, waiting=0)
2024-08-01 23:06:23,095 DEBUG [HikariPool-1 housekeeper][HikariPool.java:421] - HikariPool-1 - Pool stats (total=10, active=0, idle=10, waiting=0)
2024-08-01 23:06:23,095 DEBUG [HikariPool-1 housekeeper][HikariPool.java:518] - HikariPool-1 - Fill pool skipped, pool is at sufficient level.
2024-08-01 23:06:23,095 DEBUG [HikariPool-1 housekeeper][HikariPool.java:518] - HikariPool-1 - Fill pool skipped, pool is at sufficient level.
2024-08-01 23:06:29,707 DEBUG [HikariPool-1 connection closer][PoolBase.java:134] - HikariPool-1 - Closing connection com.mysql.cj.jdbc.ConnectionImpl@37459870: (connection has passed maxLifetime)
2024-08-01 23:06:29,707 DEBUG [HikariPool-1 connection closer][PoolBase.java:134] - HikariPool-1 - Closing connection com.mysql.cj.jdbc.ConnectionImpl@37459870: (connection has passed maxLifetime)
2024-08-01 23:06:34,223 DEBUG [HikariPool-1 connection adder][HikariPool.java:729] - HikariPool-1 - Added connection com.mysql.cj.jdbc.ConnectionImpl@2e3982e8
2024-08-01 23:06:34,223 DEBUG [HikariPool-1 connection adder][HikariPool.java:729] - HikariPool-1 - Added connection com.mysql.cj.jdbc.ConnectionImpl@2e3982e8
2024-08-01 23:06:39,756 DEBUG [HikariPool-1 connection closer][PoolBase.java:134] - HikariPool-1 - Closing connection com.mysql.cj.jdbc.ConnectionImpl@275543cb: (connection has passed maxLifetime)
2024-08-01 23:06:39,756 DEBUG [HikariPool-1 connection closer][PoolBase.java:134] - HikariPool-1 - Closing connection com.mysql.cj.jdbc.ConnectionImpl@275543cb: (connection has passed maxLifetime)
2024-08-01 23:06:43,675 DEBUG [HikariPool-1 connection closer][PoolBase.java:134] - HikariPool-1 - Closing connection com.mysql.cj.jdbc.ConnectionImpl@323d11be: (connection has passed maxLifetime)
2024-08-01 23:06:43,675 DEBUG [HikariPool-1 connection closer][PoolBase.java:134] - HikariPool-1 - Closing connection com.mysql.cj.jdbc.ConnectionImpl@323d11be: (connection has passed maxLifetime)
2024-08-01 23:06:43,689 DEBUG [HikariPool-1 housekeeper][HikariPool.java:342] - HikariPool-1 - Add connection elided, waiting 0, queue 1
2024-08-01 23:06:43,689 DEBUG [HikariPool-1 housekeeper][HikariPool.java:342] - HikariPool-1 - Add connection elided, waiting 0, queue 1
2024-08-01 23:06:45,697 DEBUG [HikariPool-1 housekeeper][HikariPool.java:342] - HikariPool-1 - Add connection elided, waiting 0, queue 2
2024-08-01 23:06:45,697 DEBUG [HikariPool-1 housekeeper][HikariPool.java:342] - HikariPool-1 - Add connection elided, waiting 0, queue 2
2024-08-01 23:06:45,697 DEBUG [HikariPool-1 connection closer][PoolBase.java:134] - HikariPool-1 - Closing connection com.mysql.cj.jdbc.ConnectionImpl@96feb0d: (connection has passed maxLifetime)
2024-08-01 23:06:45,697 DEBUG [HikariPool-1 connection closer][PoolBase.java:134] - HikariPool-1 - Closing connection com.mysql.cj.jdbc.ConnectionImpl@96feb0d: (connection has passed maxLifetime)
2024-08-01 23:06:45,698 DEBUG [HikariPool-1 connection adder][HikariPool.java:729] - HikariPool-1 - Added connection com.mysql.cj.jdbc.ConnectionImpl@3c97d3e3
2024-08-01 23:06:45,698 DEBUG [HikariPool-1 connection adder][HikariPool.java:729] - HikariPool-1 - Added connection com.mysql.cj.jdbc.ConnectionImpl@3c97d3e3
2024-08-01 23:06:45,803 DEBUG [HikariPool-1 connection adder][HikariPool.java:729] - HikariPool-1 - Added connection com.mysql.cj.jdbc.ConnectionImpl@7daad9d8
2024-08-01 23:06:45,803 DEBUG [HikariPool-1 connection adder][HikariPool.java:729] - HikariPool-1 - Added connection com.mysql.cj.jdbc.ConnectionImpl@7daad9d8
2024-08-01 23:06:45,814 DEBUG [HikariPool-1 connection adder][HikariPool.java:421] - HikariPool-1 - After adding stats (total=9, active=0, idle=9, waiting=0)
2024-08-01 23:06:45,814 DEBUG [HikariPool-1 connection adder][HikariPool.java:421] - HikariPool-1 - After adding stats (total=9, active=0, idle=9, waiting=0)
2024-08-01 23:06:45,901 DEBUG [HikariPool-1 connection adder][HikariPool.java:729] - HikariPool-1 - Added connection com.mysql.cj.jdbc.ConnectionImpl@4c9d61ad
2024-08-01 23:06:45,901 DEBUG [HikariPool-1 connection adder][HikariPool.java:729] - HikariPool-1 - Added connection com.mysql.cj.jdbc.ConnectionImpl@4c9d61ad
2024-08-01 23:06:45,901 DEBUG [HikariPool-1 connection adder][HikariPool.java:421] - HikariPool-1 - After adding stats (total=10, active=0, idle=10, waiting=0)
2024-08-01 23:06:45,901 DEBUG [HikariPool-1 connection adder][HikariPool.java:421] - HikariPool-1 - After adding stats (total=10, active=0, idle=10, waiting=0)
2024-08-01 23:06:46,834 DEBUG [HikariPool-1 connection closer][PoolBase.java:134] - HikariPool-1 - Closing connection com.mysql.cj.jdbc.ConnectionImpl@574428d4: (connection has passed maxLifetime)
2024-08-01 23:06:46,834 DEBUG [HikariPool-1 connection closer][PoolBase.java:134] - HikariPool-1 - Closing connection com.mysql.cj.jdbc.ConnectionImpl@574428d4: (connection has passed maxLifetime)
2024-08-01 23:06:48,713 DEBUG [HikariPool-1 connection adder][HikariPool.java:729] - HikariPool-1 - Added connection com.mysql.cj.jdbc.ConnectionImpl@1d852697
2024-08-01 23:06:48,713 DEBUG [HikariPool-1 connection adder][HikariPool.java:729] - HikariPool-1 - Added connection com.mysql.cj.jdbc.ConnectionImpl@1d852697
2024-08-01 23:06:50,936 DEBUG [HikariPool-1 connection closer][PoolBase.java:134] - HikariPool-1 - Closing connection com.mysql.cj.jdbc.ConnectionImpl@7678924b: (connection has passed maxLifetime)
2024-08-01 23:06:50,936 DEBUG [HikariPool-1 connection closer][PoolBase.java:134] - HikariPool-1 - Closing connection com.mysql.cj.jdbc.ConnectionImpl@7678924b: (connection has passed maxLifetime)
2024-08-01 23:06:51,567 DEBUG [HikariPool-1 housekeeper][HikariPool.java:342] - HikariPool-1 - Add connection elided, waiting 0, queue 1
2024-08-01 23:06:51,567 DEBUG [HikariPool-1 connection closer][PoolBase.java:134] - HikariPool-1 - Closing connection com.mysql.cj.jdbc.ConnectionImpl@39e2fe4e: (connection has passed maxLifetime)
2024-08-01 23:06:51,567 DEBUG [HikariPool-1 housekeeper][HikariPool.java:342] - HikariPool-1 - Add connection elided, waiting 0, queue 1
2024-08-01 23:06:51,567 DEBUG [HikariPool-1 connection closer][PoolBase.java:134] - HikariPool-1 - Closing connection com.mysql.cj.jdbc.ConnectionImpl@39e2fe4e: (connection has passed maxLifetime)
2024-08-01 23:06:53,012 DEBUG [HikariPool-1 connection adder][HikariPool.java:729] - HikariPool-1 - Added connection com.mysql.cj.jdbc.ConnectionImpl@498c7f90
2024-08-01 23:06:53,012 DEBUG [HikariPool-1 connection adder][HikariPool.java:729] - HikariPool-1 - Added connection com.mysql.cj.jdbc.ConnectionImpl@498c7f90
2024-08-01 23:06:53,096 DEBUG [HikariPool-1 housekeeper][HikariPool.java:421] - HikariPool-1 - Pool stats (total=9, active=0, idle=9, waiting=0)
2024-08-01 23:06:53,096 DEBUG [HikariPool-1 housekeeper][HikariPool.java:421] - HikariPool-1 - Pool stats (total=9, active=0, idle=9, waiting=0)
2024-08-01 23:06:53,096 DEBUG [HikariPool-1 housekeeper][HikariPool.java:518] - HikariPool-1 - Fill pool skipped, pool is at sufficient level.
2024-08-01 23:06:53,096 DEBUG [HikariPool-1 housekeeper][HikariPool.java:518] - HikariPool-1 - Fill pool skipped, pool is at sufficient level.
2024-08-01 23:06:55,520 DEBUG [HikariPool-1 connection adder][HikariPool.java:729] - HikariPool-1 - Added connection com.mysql.cj.jdbc.ConnectionImpl@19cbdfab
2024-08-01 23:06:55,520 DEBUG [HikariPool-1 connection adder][HikariPool.java:421] - HikariPool-1 - After adding stats (total=10, active=0, idle=10, waiting=0)
2024-08-01 23:06:55,520 DEBUG [HikariPool-1 connection adder][HikariPool.java:729] - HikariPool-1 - Added connection com.mysql.cj.jdbc.ConnectionImpl@19cbdfab
2024-08-01 23:06:55,520 DEBUG [HikariPool-1 connection adder][HikariPool.java:421] - HikariPool-1 - After adding stats (total=10, active=0, idle=10, waiting=0)
2024-08-01 23:07:04,858 DEBUG [HikariPool-1 connection closer][PoolBase.java:134] - HikariPool-1 - Closing connection com.mysql.cj.jdbc.ConnectionImpl@666849f0: (connection has passed maxLifetime)
2024-08-01 23:07:04,858 DEBUG [HikariPool-1 connection closer][PoolBase.java:134] - HikariPool-1 - Closing connection com.mysql.cj.jdbc.ConnectionImpl@666849f0: (connection has passed maxLifetime)
2024-08-01 23:07:07,600 DEBUG [HikariPool-1 connection adder][HikariPool.java:729] - HikariPool-1 - Added connection com.mysql.cj.jdbc.ConnectionImpl@3624704e
2024-08-01 23:07:07,600 DEBUG [HikariPool-1 connection adder][HikariPool.java:729] - HikariPool-1 - Added connection com.mysql.cj.jdbc.ConnectionImpl@3624704e
2024-08-01 23:07:23,097 DEBUG [HikariPool-1 housekeeper][HikariPool.java:421] - HikariPool-1 - Pool stats (total=10, active=0, idle=10, waiting=0)
2024-08-01 23:07:23,097 DEBUG [HikariPool-1 housekeeper][HikariPool.java:518] - HikariPool-1 - Fill pool skipped, pool is at sufficient level.
2024-08-01 23:07:23,097 DEBUG [HikariPool-1 housekeeper][HikariPool.java:421] - HikariPool-1 - Pool stats (total=10, active=0, idle=10, waiting=0)
2024-08-01 23:07:23,097 DEBUG [HikariPool-1 housekeeper][HikariPool.java:518] - HikariPool-1 - Fill pool skipped, pool is at sufficient level.
2024-08-01 23:07:27,596 DEBUG [HikariPool-1 connection closer][PoolBase.java:134] - HikariPool-1 - Closing connection com.mysql.cj.jdbc.ConnectionImpl@2500b10: (connection has passed maxLifetime)
2024-08-01 23:07:27,596 DEBUG [HikariPool-1 connection closer][PoolBase.java:134] - HikariPool-1 - Closing connection com.mysql.cj.jdbc.ConnectionImpl@2500b10: (connection has passed maxLifetime)
2024-08-01 23:07:28,104 DEBUG [HikariPool-1 housekeeper][HikariPool.java:342] - HikariPool-1 - Add connection elided, waiting 0, queue 1
2024-08-01 23:07:28,104 DEBUG [HikariPool-1 housekeeper][HikariPool.java:342] - HikariPool-1 - Add connection elided, waiting 0, queue 1
2024-08-01 23:07:28,104 DEBUG [HikariPool-1 connection closer][PoolBase.java:134] - HikariPool-1 - Closing connection com.mysql.cj.jdbc.ConnectionImpl@647b6bf: (connection has passed maxLifetime)
2024-08-01 23:07:28,104 DEBUG [HikariPool-1 connection closer][PoolBase.java:134] - HikariPool-1 - Closing connection com.mysql.cj.jdbc.ConnectionImpl@647b6bf: (connection has passed maxLifetime)
2024-08-01 23:07:31,888 DEBUG [HikariPool-1 connection adder][HikariPool.java:729] - HikariPool-1 - Added connection com.mysql.cj.jdbc.ConnectionImpl@79fa3fbe
2024-08-01 23:07:31,888 DEBUG [HikariPool-1 connection adder][HikariPool.java:729] - HikariPool-1 - Added connection com.mysql.cj.jdbc.ConnectionImpl@79fa3fbe
2024-08-01 23:07:31,973 DEBUG [HikariPool-1 connection adder][HikariPool.java:729] - HikariPool-1 - Added connection com.mysql.cj.jdbc.ConnectionImpl@38c73585
2024-08-01 23:07:31,973 DEBUG [HikariPool-1 connection adder][HikariPool.java:729] - HikariPool-1 - Added connection com.mysql.cj.jdbc.ConnectionImpl@38c73585
2024-08-01 23:07:31,973 DEBUG [HikariPool-1 connection adder][HikariPool.java:421] - HikariPool-1 - After adding stats (total=10, active=0, idle=10, waiting=0)
2024-08-01 23:07:31,973 DEBUG [HikariPool-1 connection adder][HikariPool.java:421] - HikariPool-1 - After adding stats (total=10, active=0, idle=10, waiting=0)
2024-08-01 23:07:53,112 DEBUG [HikariPool-1 housekeeper][HikariPool.java:421] - HikariPool-1 - Pool stats (total=10, active=0, idle=10, waiting=0)
2024-08-01 23:07:53,112 DEBUG [HikariPool-1 housekeeper][HikariPool.java:421] - HikariPool-1 - Pool stats (total=10, active=0, idle=10, waiting=0)
2024-08-01 23:07:53,112 DEBUG [HikariPool-1 housekeeper][HikariPool.java:518] - HikariPool-1 - Fill pool skipped, pool is at sufficient level.
2024-08-01 23:07:53,112 DEBUG [HikariPool-1 housekeeper][HikariPool.java:518] - HikariPool-1 - Fill pool skipped, pool is at sufficient level.
2024-08-01 23:08:23,120 DEBUG [HikariPool-1 housekeeper][HikariPool.java:421] - HikariPool-1 - Pool stats (total=10, active=0, idle=10, waiting=0)
2024-08-01 23:08:23,120 DEBUG [HikariPool-1 housekeeper][HikariPool.java:421] - HikariPool-1 - Pool stats (total=10, active=0, idle=10, waiting=0)
2024-08-01 23:08:23,120 DEBUG [HikariPool-1 housekeeper][HikariPool.java:518] - HikariPool-1 - Fill pool skipped, pool is at sufficient level.
2024-08-01 23:08:23,120 DEBUG [HikariPool-1 housekeeper][HikariPool.java:518] - HikariPool-1 - Fill pool skipped, pool is at sufficient level.
2024-08-01 23:08:53,125 DEBUG [HikariPool-1 housekeeper][HikariPool.java:421] - HikariPool-1 - Pool stats (total=10, active=0, idle=10, waiting=0)
2024-08-01 23:08:53,125 DEBUG [HikariPool-1 housekeeper][HikariPool.java:421] - HikariPool-1 - Pool stats (total=10, active=0, idle=10, waiting=0)
2024-08-01 23:08:53,125 DEBUG [HikariPool-1 housekeeper][HikariPool.java:518] - HikariPool-1 - Fill pool skipped, pool is at sufficient level.
2024-08-01 23:08:53,125 DEBUG [HikariPool-1 housekeeper][HikariPool.java:518] - HikariPool-1 - Fill pool skipped, pool is at sufficient level.
2024-08-01 23:09:23,132 DEBUG [HikariPool-1 housekeeper][HikariPool.java:421] - HikariPool-1 - Pool stats (total=10, active=0, idle=10, waiting=0)
2024-08-01 23:09:23,132 DEBUG [HikariPool-1 housekeeper][HikariPool.java:421] - HikariPool-1 - Pool stats (total=10, active=0, idle=10, waiting=0)
2024-08-01 23:09:23,132 DEBUG [HikariPool-1 housekeeper][HikariPool.java:518] - HikariPool-1 - Fill pool skipped, pool is at sufficient level.
2024-08-01 23:09:23,132 DEBUG [HikariPool-1 housekeeper][HikariPool.java:518] - HikariPool-1 - Fill pool skipped, pool is at sufficient level.
2024-08-01 23:09:53,144 DEBUG [HikariPool-1 housekeeper][HikariPool.java:421] - HikariPool-1 - Pool stats (total=10, active=0, idle=10, waiting=0)
2024-08-01 23:09:53,144 DEBUG [HikariPool-1 housekeeper][HikariPool.java:421] - HikariPool-1 - Pool stats (total=10, active=0, idle=10, waiting=0)
2024-08-01 23:09:53,144 DEBUG [HikariPool-1 housekeeper][HikariPool.java:518] - HikariPool-1 - Fill pool skipped, pool is at sufficient level.
2024-08-01 23:09:53,144 DEBUG [HikariPool-1 housekeeper][HikariPool.java:518] - HikariPool-1 - Fill pool skipped, pool is at sufficient level.
2024-08-01 23:10:23,145 DEBUG [HikariPool-1 housekeeper][HikariPool.java:421] - HikariPool-1 - Pool stats (total=10, active=0, idle=10, waiting=0)
2024-08-01 23:10:23,145 DEBUG [HikariPool-1 housekeeper][HikariPool.java:421] - HikariPool-1 - Pool stats (total=10, active=0, idle=10, waiting=0)
2024-08-01 23:10:23,145 DEBUG [HikariPool-1 housekeeper][HikariPool.java:518] - HikariPool-1 - Fill pool skipped, pool is at sufficient level.
2024-08-01 23:10:23,145 DEBUG [HikariPool-1 housekeeper][HikariPool.java:518] - HikariPool-1 - Fill pool skipped, pool is at sufficient level.
2024-08-01 23:10:53,161 DEBUG [HikariPool-1 housekeeper][HikariPool.java:421] - HikariPool-1 - Pool stats (total=10, active=0, idle=10, waiting=0)
2024-08-01 23:10:53,161 DEBUG [HikariPool-1 housekeeper][HikariPool.java:421] - HikariPool-1 - Pool stats (total=10, active=0, idle=10, waiting=0)
2024-08-01 23:10:53,161 DEBUG [HikariPool-1 housekeeper][HikariPool.java:518] - HikariPool-1 - Fill pool skipped, pool is at sufficient level.
2024-08-01 23:10:53,161 DEBUG [HikariPool-1 housekeeper][HikariPool.java:518] - HikariPool-1 - Fill pool skipped, pool is at sufficient level.
2024-08-01 23:11:23,168 DEBUG [HikariPool-1 housekeeper][HikariPool.java:421] - HikariPool-1 - Pool stats (total=10, active=0, idle=10, waiting=0)
2024-08-01 23:11:23,168 DEBUG [HikariPool-1 housekeeper][HikariPool.java:421] - HikariPool-1 - Pool stats (total=10, active=0, idle=10, waiting=0)
2024-08-01 23:11:23,168 DEBUG [HikariPool-1 housekeeper][HikariPool.java:518] - HikariPool-1 - Fill pool skipped, pool is at sufficient level.
2024-08-01 23:11:23,168 DEBUG [HikariPool-1 housekeeper][HikariPool.java:518] - HikariPool-1 - Fill pool skipped, pool is at sufficient level.
2024-08-01 23:11:53,176 DEBUG [HikariPool-1 housekeeper][HikariPool.java:421] - HikariPool-1 - Pool stats (total=10, active=0, idle=10, waiting=0)
2024-08-01 23:11:53,176 DEBUG [HikariPool-1 housekeeper][HikariPool.java:421] - HikariPool-1 - Pool stats (total=10, active=0, idle=10, waiting=0)
2024-08-01 23:11:53,176 DEBUG [HikariPool-1 housekeeper][HikariPool.java:518] - HikariPool-1 - Fill pool skipped, pool is at sufficient level.
2024-08-01 23:11:53,176 DEBUG [HikariPool-1 housekeeper][HikariPool.java:518] - HikariPool-1 - Fill pool skipped, pool is at sufficient level.
2024-08-01 23:12:23,179 DEBUG [HikariPool-1 housekeeper][HikariPool.java:421] - HikariPool-1 - Pool stats (total=10, active=0, idle=10, waiting=0)
2024-08-01 23:12:23,179 DEBUG [HikariPool-1 housekeeper][HikariPool.java:421] - HikariPool-1 - Pool stats (total=10, active=0, idle=10, waiting=0)
2024-08-01 23:12:23,179 DEBUG [HikariPool-1 housekeeper][HikariPool.java:518] - HikariPool-1 - Fill pool skipped, pool is at sufficient level.
2024-08-01 23:12:23,179 DEBUG [HikariPool-1 housekeeper][HikariPool.java:518] - HikariPool-1 - Fill pool skipped, pool is at sufficient level.
2024-08-01 23:12:53,189 DEBUG [HikariPool-1 housekeeper][HikariPool.java:421] - HikariPool-1 - Pool stats (total=10, active=0, idle=10, waiting=0)
2024-08-01 23:12:53,189 DEBUG [HikariPool-1 housekeeper][HikariPool.java:421] - HikariPool-1 - Pool stats (total=10, active=0, idle=10, waiting=0)
2024-08-01 23:12:53,189 DEBUG [HikariPool-1 housekeeper][HikariPool.java:518] - HikariPool-1 - Fill pool skipped, pool is at sufficient level.
2024-08-01 23:12:53,189 DEBUG [HikariPool-1 housekeeper][HikariPool.java:518] - HikariPool-1 - Fill pool skipped, pool is at sufficient level.
2024-08-01 23:13:23,193 DEBUG [HikariPool-1 housekeeper][HikariPool.java:421] - HikariPool-1 - Pool stats (total=10, active=0, idle=10, waiting=0)
2024-08-01 23:13:23,193 DEBUG [HikariPool-1 housekeeper][HikariPool.java:421] - HikariPool-1 - Pool stats (total=10, active=0, idle=10, waiting=0)
2024-08-01 23:13:23,193 DEBUG [HikariPool-1 housekeeper][HikariPool.java:518] - HikariPool-1 - Fill pool skipped, pool is at sufficient level.
2024-08-01 23:13:23,193 DEBUG [HikariPool-1 housekeeper][HikariPool.java:518] - HikariPool-1 - Fill pool skipped, pool is at sufficient level.
2024-08-01 23:13:53,208 DEBUG [HikariPool-1 housekeeper][HikariPool.java:421] - HikariPool-1 - Pool stats (total=10, active=0, idle=10, waiting=0)
2024-08-01 23:13:53,208 DEBUG [HikariPool-1 housekeeper][HikariPool.java:421] - HikariPool-1 - Pool stats (total=10, active=0, idle=10, waiting=0)
2024-08-01 23:13:53,208 DEBUG [HikariPool-1 housekeeper][HikariPool.java:518] - HikariPool-1 - Fill pool skipped, pool is at sufficient level.
2024-08-01 23:13:53,208 DEBUG [HikariPool-1 housekeeper][HikariPool.java:518] - HikariPool-1 - Fill pool skipped, pool is at sufficient level.
2024-08-01 23:14:23,223 DEBUG [HikariPool-1 housekeeper][HikariPool.java:421] - HikariPool-1 - Pool stats (total=10, active=0, idle=10, waiting=0)
2024-08-01 23:14:23,223 DEBUG [HikariPool-1 housekeeper][HikariPool.java:421] - HikariPool-1 - Pool stats (total=10, active=0, idle=10, waiting=0)
2024-08-01 23:14:23,223 DEBUG [HikariPool-1 housekeeper][HikariPool.java:518] - HikariPool-1 - Fill pool skipped, pool is at sufficient level.
2024-08-01 23:14:23,223 DEBUG [HikariPool-1 housekeeper][HikariPool.java:518] - HikariPool-1 - Fill pool skipped, pool is at sufficient level.
2024-08-01 23:14:53,226 DEBUG [HikariPool-1 housekeeper][HikariPool.java:421] - HikariPool-1 - Pool stats (total=10, active=0, idle=10, waiting=0)
2024-08-01 23:14:53,226 DEBUG [HikariPool-1 housekeeper][HikariPool.java:421] - HikariPool-1 - Pool stats (total=10, active=0, idle=10, waiting=0)
2024-08-01 23:14:53,226 DEBUG [HikariPool-1 housekeeper][HikariPool.java:518] - HikariPool-1 - Fill pool skipped, pool is at sufficient level.
2024-08-01 23:14:53,226 DEBUG [HikariPool-1 housekeeper][HikariPool.java:518] - HikariPool-1 - Fill pool skipped, pool is at sufficient level.
2024-08-01 23:15:23,242 DEBUG [HikariPool-1 housekeeper][HikariPool.java:421] - HikariPool-1 - Pool stats (total=10, active=0, idle=10, waiting=0)
2024-08-01 23:15:23,242 DEBUG [HikariPool-1 housekeeper][HikariPool.java:421] - HikariPool-1 - Pool stats (total=10, active=0, idle=10, waiting=0)
2024-08-01 23:15:23,242 DEBUG [HikariPool-1 housekeeper][HikariPool.java:518] - HikariPool-1 - Fill pool skipped, pool is at sufficient level.
2024-08-01 23:15:23,242 DEBUG [HikariPool-1 housekeeper][HikariPool.java:518] - HikariPool-1 - Fill pool skipped, pool is at sufficient level.
2024-08-01 23:15:53,247 DEBUG [HikariPool-1 housekeeper][HikariPool.java:421] - HikariPool-1 - Pool stats (total=10, active=0, idle=10, waiting=0)
2024-08-01 23:15:53,247 DEBUG [HikariPool-1 housekeeper][HikariPool.java:421] - HikariPool-1 - Pool stats (total=10, active=0, idle=10, waiting=0)
2024-08-01 23:15:53,247 DEBUG [HikariPool-1 housekeeper][HikariPool.java:518] - HikariPool-1 - Fill pool skipped, pool is at sufficient level.
2024-08-01 23:15:53,247 DEBUG [HikariPool-1 housekeeper][HikariPool.java:518] - HikariPool-1 - Fill pool skipped, pool is at sufficient level.
2024-08-01 23:16:23,249 DEBUG [HikariPool-1 housekeeper][HikariPool.java:421] - HikariPool-1 - Pool stats (total=10, active=0, idle=10, waiting=0)
2024-08-01 23:16:23,249 DEBUG [HikariPool-1 housekeeper][HikariPool.java:421] - HikariPool-1 - Pool stats (total=10, active=0, idle=10, waiting=0)
2024-08-01 23:16:23,249 DEBUG [HikariPool-1 housekeeper][HikariPool.java:518] - HikariPool-1 - Fill pool skipped, pool is at sufficient level.
2024-08-01 23:16:23,249 DEBUG [HikariPool-1 housekeeper][HikariPool.java:518] - HikariPool-1 - Fill pool skipped, pool is at sufficient level.
2024-08-01 23:16:53,263 DEBUG [HikariPool-1 housekeeper][HikariPool.java:421] - HikariPool-1 - Pool stats (total=10, active=0, idle=10, waiting=0)
2024-08-01 23:16:53,263 DEBUG [HikariPool-1 housekeeper][HikariPool.java:421] - HikariPool-1 - Pool stats (total=10, active=0, idle=10, waiting=0)
2024-08-01 23:16:53,263 DEBUG [HikariPool-1 housekeeper][HikariPool.java:518] - HikariPool-1 - Fill pool skipped, pool is at sufficient level.
2024-08-01 23:16:53,263 DEBUG [HikariPool-1 housekeeper][HikariPool.java:518] - HikariPool-1 - Fill pool skipped, pool is at sufficient level.
2024-08-01 23:17:23,264 DEBUG [HikariPool-1 housekeeper][HikariPool.java:421] - HikariPool-1 - Pool stats (total=10, active=0, idle=10, waiting=0)
2024-08-01 23:17:23,264 DEBUG [HikariPool-1 housekeeper][HikariPool.java:421] - HikariPool-1 - Pool stats (total=10, active=0, idle=10, waiting=0)
2024-08-01 23:17:23,264 DEBUG [HikariPool-1 housekeeper][HikariPool.java:518] - HikariPool-1 - Fill pool skipped, pool is at sufficient level.
2024-08-01 23:17:23,264 DEBUG [HikariPool-1 housekeeper][HikariPool.java:518] - HikariPool-1 - Fill pool skipped, pool is at sufficient level.
2024-08-01 23:17:53,275 DEBUG [HikariPool-1 housekeeper][HikariPool.java:421] - HikariPool-1 - Pool stats (total=10, active=0, idle=10, waiting=0)
2024-08-01 23:17:53,275 DEBUG [HikariPool-1 housekeeper][HikariPool.java:421] - HikariPool-1 - Pool stats (total=10, active=0, idle=10, waiting=0)
2024-08-01 23:17:53,275 DEBUG [HikariPool-1 housekeeper][HikariPool.java:518] - HikariPool-1 - Fill pool skipped, pool is at sufficient level.
2024-08-01 23:17:53,275 DEBUG [HikariPool-1 housekeeper][HikariPool.java:518] - HikariPool-1 - Fill pool skipped, pool is at sufficient level.
2024-08-01 23:18:23,290 DEBUG [HikariPool-1 housekeeper][HikariPool.java:421] - HikariPool-1 - Pool stats (total=10, active=0, idle=10, waiting=0)
2024-08-01 23:18:23,290 DEBUG [HikariPool-1 housekeeper][HikariPool.java:421] - HikariPool-1 - Pool stats (total=10, active=0, idle=10, waiting=0)
2024-08-01 23:18:23,290 DEBUG [HikariPool-1 housekeeper][HikariPool.java:518] - HikariPool-1 - Fill pool skipped, pool is at sufficient level.
2024-08-01 23:18:23,290 DEBUG [HikariPool-1 housekeeper][HikariPool.java:518] - HikariPool-1 - Fill pool skipped, pool is at sufficient level.
2024-08-01 23:18:53,300 DEBUG [HikariPool-1 housekeeper][HikariPool.java:421] - HikariPool-1 - Pool stats (total=10, active=0, idle=10, waiting=0)
2024-08-01 23:18:53,300 DEBUG [HikariPool-1 housekeeper][HikariPool.java:421] - HikariPool-1 - Pool stats (total=10, active=0, idle=10, waiting=0)
2024-08-01 23:18:53,300 DEBUG [HikariPool-1 housekeeper][HikariPool.java:518] - HikariPool-1 - Fill pool skipped, pool is at sufficient level.
2024-08-01 23:18:53,300 DEBUG [HikariPool-1 housekeeper][HikariPool.java:518] - HikariPool-1 - Fill pool skipped, pool is at sufficient level.
2024-08-01 23:19:23,306 DEBUG [HikariPool-1 housekeeper][HikariPool.java:421] - HikariPool-1 - Pool stats (total=10, active=0, idle=10, waiting=0)
2024-08-01 23:19:23,306 DEBUG [HikariPool-1 housekeeper][HikariPool.java:421] - HikariPool-1 - Pool stats (total=10, active=0, idle=10, waiting=0)
2024-08-01 23:19:23,324 DEBUG [HikariPool-1 housekeeper][HikariPool.java:518] - HikariPool-1 - Fill pool skipped, pool is at sufficient level.
2024-08-01 23:19:23,324 DEBUG [HikariPool-1 housekeeper][HikariPool.java:518] - HikariPool-1 - Fill pool skipped, pool is at sufficient level.
2024-08-01 23:19:53,328 DEBUG [HikariPool-1 housekeeper][HikariPool.java:421] - HikariPool-1 - Pool stats (total=10, active=0, idle=10, waiting=0)
2024-08-01 23:19:53,328 DEBUG [HikariPool-1 housekeeper][HikariPool.java:421] - HikariPool-1 - Pool stats (total=10, active=0, idle=10, waiting=0)
2024-08-01 23:19:53,328 DEBUG [HikariPool-1 housekeeper][HikariPool.java:518] - HikariPool-1 - Fill pool skipped, pool is at sufficient level.
2024-08-01 23:19:53,328 DEBUG [HikariPool-1 housekeeper][HikariPool.java:518] - HikariPool-1 - Fill pool skipped, pool is at sufficient level.
2024-08-01 23:20:23,333 DEBUG [HikariPool-1 housekeeper][HikariPool.java:421] - HikariPool-1 - Pool stats (total=10, active=0, idle=10, waiting=0)
2024-08-01 23:20:23,333 DEBUG [HikariPool-1 housekeeper][HikariPool.java:421] - HikariPool-1 - Pool stats (total=10, active=0, idle=10, waiting=0)
2024-08-01 23:20:23,333 DEBUG [HikariPool-1 housekeeper][HikariPool.java:518] - HikariPool-1 - Fill pool skipped, pool is at sufficient level.
2024-08-01 23:20:23,333 DEBUG [HikariPool-1 housekeeper][HikariPool.java:518] - HikariPool-1 - Fill pool skipped, pool is at sufficient level.
2024-08-01 23:20:53,341 DEBUG [HikariPool-1 housekeeper][HikariPool.java:421] - HikariPool-1 - Pool stats (total=10, active=0, idle=10, waiting=0)
2024-08-01 23:20:53,341 DEBUG [HikariPool-1 housekeeper][HikariPool.java:421] - HikariPool-1 - Pool stats (total=10, active=0, idle=10, waiting=0)
2024-08-01 23:20:53,343 DEBUG [HikariPool-1 housekeeper][HikariPool.java:518] - HikariPool-1 - Fill pool skipped, pool is at sufficient level.
2024-08-01 23:20:53,343 DEBUG [HikariPool-1 housekeeper][HikariPool.java:518] - HikariPool-1 - Fill pool skipped, pool is at sufficient level.
2024-08-01 23:21:23,356 DEBUG [HikariPool-1 housekeeper][HikariPool.java:421] - HikariPool-1 - Pool stats (total=10, active=0, idle=10, waiting=0)
2024-08-01 23:21:23,356 DEBUG [HikariPool-1 housekeeper][HikariPool.java:421] - HikariPool-1 - Pool stats (total=10, active=0, idle=10, waiting=0)
2024-08-01 23:21:23,356 DEBUG [HikariPool-1 housekeeper][HikariPool.java:518] - HikariPool-1 - Fill pool skipped, pool is at sufficient level.
2024-08-01 23:21:23,356 DEBUG [HikariPool-1 housekeeper][HikariPool.java:518] - HikariPool-1 - Fill pool skipped, pool is at sufficient level.
2024-08-01 23:21:53,369 DEBUG [HikariPool-1 housekeeper][HikariPool.java:421] - HikariPool-1 - Pool stats (total=10, active=0, idle=10, waiting=0)
2024-08-01 23:21:53,369 DEBUG [HikariPool-1 housekeeper][HikariPool.java:421] - HikariPool-1 - Pool stats (total=10, active=0, idle=10, waiting=0)
2024-08-01 23:21:53,399 DEBUG [HikariPool-1 housekeeper][HikariPool.java:518] - HikariPool-1 - Fill pool skipped, pool is at sufficient level.
2024-08-01 23:21:53,399 DEBUG [HikariPool-1 housekeeper][HikariPool.java:518] - HikariPool-1 - Fill pool skipped, pool is at sufficient level.
2024-08-01 23:22:23,412 DEBUG [HikariPool-1 housekeeper][HikariPool.java:421] - HikariPool-1 - Pool stats (total=10, active=0, idle=10, waiting=0)
2024-08-01 23:22:23,412 DEBUG [HikariPool-1 housekeeper][HikariPool.java:421] - HikariPool-1 - Pool stats (total=10, active=0, idle=10, waiting=0)
2024-08-01 23:22:23,412 DEBUG [HikariPool-1 housekeeper][HikariPool.java:518] - HikariPool-1 - Fill pool skipped, pool is at sufficient level.
2024-08-01 23:22:23,412 DEBUG [HikariPool-1 housekeeper][HikariPool.java:518] - HikariPool-1 - Fill pool skipped, pool is at sufficient level.
2024-08-01 23:22:53,420 DEBUG [HikariPool-1 housekeeper][HikariPool.java:421] - HikariPool-1 - Pool stats (total=10, active=0, idle=10, waiting=0)
2024-08-01 23:22:53,420 DEBUG [HikariPool-1 housekeeper][HikariPool.java:421] - HikariPool-1 - Pool stats (total=10, active=0, idle=10, waiting=0)
2024-08-01 23:22:53,420 DEBUG [HikariPool-1 housekeeper][HikariPool.java:518] - HikariPool-1 - Fill pool skipped, pool is at sufficient level.
2024-08-01 23:22:53,420 DEBUG [HikariPool-1 housekeeper][HikariPool.java:518] - HikariPool-1 - Fill pool skipped, pool is at sufficient level.
2024-08-01 23:23:23,435 DEBUG [HikariPool-1 housekeeper][HikariPool.java:421] - HikariPool-1 - Pool stats (total=10, active=0, idle=10, waiting=0)
2024-08-01 23:23:23,435 DEBUG [HikariPool-1 housekeeper][HikariPool.java:421] - HikariPool-1 - Pool stats (total=10, active=0, idle=10, waiting=0)
2024-08-01 23:23:23,435 DEBUG [HikariPool-1 housekeeper][HikariPool.java:518] - HikariPool-1 - Fill pool skipped, pool is at sufficient level.
2024-08-01 23:23:23,435 DEBUG [HikariPool-1 housekeeper][HikariPool.java:518] - HikariPool-1 - Fill pool skipped, pool is at sufficient level.
2024-08-01 23:23:53,447 DEBUG [HikariPool-1 housekeeper][HikariPool.java:421] - HikariPool-1 - Pool stats (total=10, active=0, idle=10, waiting=0)
2024-08-01 23:23:53,447 DEBUG [HikariPool-1 housekeeper][HikariPool.java:421] - HikariPool-1 - Pool stats (total=10, active=0, idle=10, waiting=0)
2024-08-01 23:23:53,447 DEBUG [HikariPool-1 housekeeper][HikariPool.java:518] - HikariPool-1 - Fill pool skipped, pool is at sufficient level.
2024-08-01 23:23:53,447 DEBUG [HikariPool-1 housekeeper][HikariPool.java:518] - HikariPool-1 - Fill pool skipped, pool is at sufficient level.
2024-08-01 23:24:23,450 DEBUG [HikariPool-1 housekeeper][HikariPool.java:421] - HikariPool-1 - Pool stats (total=10, active=0, idle=10, waiting=0)
2024-08-01 23:24:23,450 DEBUG [HikariPool-1 housekeeper][HikariPool.java:421] - HikariPool-1 - Pool stats (total=10, active=0, idle=10, waiting=0)
2024-08-01 23:24:23,450 DEBUG [HikariPool-1 housekeeper][HikariPool.java:518] - HikariPool-1 - Fill pool skipped, pool is at sufficient level.
2024-08-01 23:24:23,450 DEBUG [HikariPool-1 housekeeper][HikariPool.java:518] - HikariPool-1 - Fill pool skipped, pool is at sufficient level.
2024-08-01 23:24:53,465 DEBUG [HikariPool-1 housekeeper][HikariPool.java:421] - HikariPool-1 - Pool stats (total=10, active=0, idle=10, waiting=0)
2024-08-01 23:24:53,465 DEBUG [HikariPool-1 housekeeper][HikariPool.java:421] - HikariPool-1 - Pool stats (total=10, active=0, idle=10, waiting=0)
2024-08-01 23:24:53,465 DEBUG [HikariPool-1 housekeeper][HikariPool.java:518] - HikariPool-1 - Fill pool skipped, pool is at sufficient level.
2024-08-01 23:24:53,465 DEBUG [HikariPool-1 housekeeper][HikariPool.java:518] - HikariPool-1 - Fill pool skipped, pool is at sufficient level.
2024-08-01 23:25:23,471 DEBUG [HikariPool-1 housekeeper][HikariPool.java:421] - HikariPool-1 - Pool stats (total=10, active=0, idle=10, waiting=0)
2024-08-01 23:25:23,471 DEBUG [HikariPool-1 housekeeper][HikariPool.java:421] - HikariPool-1 - Pool stats (total=10, active=0, idle=10, waiting=0)
2024-08-01 23:25:23,471 DEBUG [HikariPool-1 housekeeper][HikariPool.java:518] - HikariPool-1 - Fill pool skipped, pool is at sufficient level.
2024-08-01 23:25:23,471 DEBUG [HikariPool-1 housekeeper][HikariPool.java:518] - HikariPool-1 - Fill pool skipped, pool is at sufficient level.
2024-08-01 23:25:53,486 DEBUG [HikariPool-1 housekeeper][HikariPool.java:421] - HikariPool-1 - Pool stats (total=10, active=0, idle=10, waiting=0)
2024-08-01 23:25:53,486 DEBUG [HikariPool-1 housekeeper][HikariPool.java:421] - HikariPool-1 - Pool stats (total=10, active=0, idle=10, waiting=0)
2024-08-01 23:25:53,486 DEBUG [HikariPool-1 housekeeper][HikariPool.java:518] - HikariPool-1 - Fill pool skipped, pool is at sufficient level.
2024-08-01 23:25:53,486 DEBUG [HikariPool-1 housekeeper][HikariPool.java:518] - HikariPool-1 - Fill pool skipped, pool is at sufficient level.
2024-08-01 23:26:23,498 DEBUG [HikariPool-1 housekeeper][HikariPool.java:421] - HikariPool-1 - Pool stats (total=10, active=0, idle=10, waiting=0)
2024-08-01 23:26:23,498 DEBUG [HikariPool-1 housekeeper][HikariPool.java:421] - HikariPool-1 - Pool stats (total=10, active=0, idle=10, waiting=0)
2024-08-01 23:26:23,498 DEBUG [HikariPool-1 housekeeper][HikariPool.java:518] - HikariPool-1 - Fill pool skipped, pool is at sufficient level.
2024-08-01 23:26:23,498 DEBUG [HikariPool-1 housekeeper][HikariPool.java:518] - HikariPool-1 - Fill pool skipped, pool is at sufficient level.
2024-08-01 23:26:53,503 DEBUG [HikariPool-1 housekeeper][HikariPool.java:421] - HikariPool-1 - Pool stats (total=10, active=0, idle=10, waiting=0)
2024-08-01 23:26:53,503 DEBUG [HikariPool-1 housekeeper][HikariPool.java:421] - HikariPool-1 - Pool stats (total=10, active=0, idle=10, waiting=0)
2024-08-01 23:26:53,503 DEBUG [HikariPool-1 housekeeper][HikariPool.java:518] - HikariPool-1 - Fill pool skipped, pool is at sufficient level.
2024-08-01 23:26:53,503 DEBUG [HikariPool-1 housekeeper][HikariPool.java:518] - HikariPool-1 - Fill pool skipped, pool is at sufficient level.
2024-08-01 23:27:23,515 DEBUG [HikariPool-1 housekeeper][HikariPool.java:421] - HikariPool-1 - Pool stats (total=10, active=0, idle=10, waiting=0)
2024-08-01 23:27:23,515 DEBUG [HikariPool-1 housekeeper][HikariPool.java:518] - HikariPool-1 - Fill pool skipped, pool is at sufficient level.
2024-08-01 23:27:23,515 DEBUG [HikariPool-1 housekeeper][HikariPool.java:421] - HikariPool-1 - Pool stats (total=10, active=0, idle=10, waiting=0)
2024-08-01 23:27:23,515 DEBUG [HikariPool-1 housekeeper][HikariPool.java:518] - HikariPool-1 - Fill pool skipped, pool is at sufficient level.
2024-08-01 23:27:53,517 DEBUG [HikariPool-1 housekeeper][HikariPool.java:421] - HikariPool-1 - Pool stats (total=10, active=0, idle=10, waiting=0)
2024-08-01 23:27:53,517 DEBUG [HikariPool-1 housekeeper][HikariPool.java:421] - HikariPool-1 - Pool stats (total=10, active=0, idle=10, waiting=0)
2024-08-01 23:27:53,517 DEBUG [HikariPool-1 housekeeper][HikariPool.java:518] - HikariPool-1 - Fill pool skipped, pool is at sufficient level.
2024-08-01 23:27:53,517 DEBUG [HikariPool-1 housekeeper][HikariPool.java:518] - HikariPool-1 - Fill pool skipped, pool is at sufficient level.
2024-08-01 23:28:23,529 DEBUG [HikariPool-1 housekeeper][HikariPool.java:421] - HikariPool-1 - Pool stats (total=10, active=0, idle=10, waiting=0)
2024-08-01 23:28:23,529 DEBUG [HikariPool-1 housekeeper][HikariPool.java:421] - HikariPool-1 - Pool stats (total=10, active=0, idle=10, waiting=0)
2024-08-01 23:28:23,529 DEBUG [HikariPool-1 housekeeper][HikariPool.java:518] - HikariPool-1 - Fill pool skipped, pool is at sufficient level.
2024-08-01 23:28:23,529 DEBUG [HikariPool-1 housekeeper][HikariPool.java:518] - HikariPool-1 - Fill pool skipped, pool is at sufficient level.
2024-08-01 23:28:53,544 DEBUG [HikariPool-1 housekeeper][HikariPool.java:421] - HikariPool-1 - Pool stats (total=10, active=0, idle=10, waiting=0)
2024-08-01 23:28:53,544 DEBUG [HikariPool-1 housekeeper][HikariPool.java:421] - HikariPool-1 - Pool stats (total=10, active=0, idle=10, waiting=0)
2024-08-01 23:28:53,544 DEBUG [HikariPool-1 housekeeper][HikariPool.java:518] - HikariPool-1 - Fill pool skipped, pool is at sufficient level.
2024-08-01 23:28:53,544 DEBUG [HikariPool-1 housekeeper][HikariPool.java:518] - HikariPool-1 - Fill pool skipped, pool is at sufficient level.
2024-08-01 23:29:23,545 DEBUG [HikariPool-1 housekeeper][HikariPool.java:421] - HikariPool-1 - Pool stats (total=10, active=0, idle=10, waiting=0)
2024-08-01 23:29:23,545 DEBUG [HikariPool-1 housekeeper][HikariPool.java:421] - HikariPool-1 - Pool stats (total=10, active=0, idle=10, waiting=0)
2024-08-01 23:29:23,545 DEBUG [HikariPool-1 housekeeper][HikariPool.java:518] - HikariPool-1 - Fill pool skipped, pool is at sufficient level.
2024-08-01 23:29:23,545 DEBUG [HikariPool-1 housekeeper][HikariPool.java:518] - HikariPool-1 - Fill pool skipped, pool is at sufficient level.
2024-08-01 23:29:53,550 DEBUG [HikariPool-1 housekeeper][HikariPool.java:421] - HikariPool-1 - Pool stats (total=10, active=0, idle=10, waiting=0)
2024-08-01 23:29:53,550 DEBUG [HikariPool-1 housekeeper][HikariPool.java:421] - HikariPool-1 - Pool stats (total=10, active=0, idle=10, waiting=0)
2024-08-01 23:29:53,570 DEBUG [HikariPool-1 housekeeper][HikariPool.java:518] - HikariPool-1 - Fill pool skipped, pool is at sufficient level.
2024-08-01 23:29:53,570 DEBUG [HikariPool-1 housekeeper][HikariPool.java:518] - HikariPool-1 - Fill pool skipped, pool is at sufficient level.
2024-08-01 23:30:23,573 DEBUG [HikariPool-1 housekeeper][HikariPool.java:421] - HikariPool-1 - Pool stats (total=10, active=0, idle=10, waiting=0)
2024-08-01 23:30:23,573 DEBUG [HikariPool-1 housekeeper][HikariPool.java:518] - HikariPool-1 - Fill pool skipped, pool is at sufficient level.
2024-08-01 23:30:23,573 DEBUG [HikariPool-1 housekeeper][HikariPool.java:421] - HikariPool-1 - Pool stats (total=10, active=0, idle=10, waiting=0)
2024-08-01 23:30:23,573 DEBUG [HikariPool-1 housekeeper][HikariPool.java:518] - HikariPool-1 - Fill pool skipped, pool is at sufficient level.
2024-08-01 23:30:53,580 DEBUG [HikariPool-1 housekeeper][HikariPool.java:421] - HikariPool-1 - Pool stats (total=10, active=0, idle=10, waiting=0)
2024-08-01 23:30:53,580 DEBUG [HikariPool-1 housekeeper][HikariPool.java:421] - HikariPool-1 - Pool stats (total=10, active=0, idle=10, waiting=0)
2024-08-01 23:30:53,580 DEBUG [HikariPool-1 housekeeper][HikariPool.java:518] - HikariPool-1 - Fill pool skipped, pool is at sufficient level.
2024-08-01 23:30:53,580 DEBUG [HikariPool-1 housekeeper][HikariPool.java:518] - HikariPool-1 - Fill pool skipped, pool is at sufficient level.
2024-08-01 23:31:23,596 DEBUG [HikariPool-1 housekeeper][HikariPool.java:421] - HikariPool-1 - Pool stats (total=10, active=0, idle=10, waiting=0)
2024-08-01 23:31:23,596 DEBUG [HikariPool-1 housekeeper][HikariPool.java:421] - HikariPool-1 - Pool stats (total=10, active=0, idle=10, waiting=0)
2024-08-01 23:31:23,596 DEBUG [HikariPool-1 housekeeper][HikariPool.java:518] - HikariPool-1 - Fill pool skipped, pool is at sufficient level.
2024-08-01 23:31:23,596 DEBUG [HikariPool-1 housekeeper][HikariPool.java:518] - HikariPool-1 - Fill pool skipped, pool is at sufficient level.
2024-08-01 23:31:53,609 DEBUG [HikariPool-1 housekeeper][HikariPool.java:421] - HikariPool-1 - Pool stats (total=10, active=0, idle=10, waiting=0)
2024-08-01 23:31:53,609 DEBUG [HikariPool-1 housekeeper][HikariPool.java:421] - HikariPool-1 - Pool stats (total=10, active=0, idle=10, waiting=0)
2024-08-01 23:31:53,609 DEBUG [HikariPool-1 housekeeper][HikariPool.java:518] - HikariPool-1 - Fill pool skipped, pool is at sufficient level.
2024-08-01 23:31:53,609 DEBUG [HikariPool-1 housekeeper][HikariPool.java:518] - HikariPool-1 - Fill pool skipped, pool is at sufficient level.
2024-08-01 23:32:23,616 DEBUG [HikariPool-1 housekeeper][HikariPool.java:421] - HikariPool-1 - Pool stats (total=10, active=0, idle=10, waiting=0)
2024-08-01 23:32:23,616 DEBUG [HikariPool-1 housekeeper][HikariPool.java:421] - HikariPool-1 - Pool stats (total=10, active=0, idle=10, waiting=0)
2024-08-01 23:32:23,616 DEBUG [HikariPool-1 housekeeper][HikariPool.java:518] - HikariPool-1 - Fill pool skipped, pool is at sufficient level.
2024-08-01 23:32:23,616 DEBUG [HikariPool-1 housekeeper][HikariPool.java:518] - HikariPool-1 - Fill pool skipped, pool is at sufficient level.
2024-08-01 23:32:53,619 DEBUG [HikariPool-1 housekeeper][HikariPool.java:421] - HikariPool-1 - Pool stats (total=10, active=0, idle=10, waiting=0)
2024-08-01 23:32:53,619 DEBUG [HikariPool-1 housekeeper][HikariPool.java:518] - HikariPool-1 - Fill pool skipped, pool is at sufficient level.
2024-08-01 23:32:53,619 DEBUG [HikariPool-1 housekeeper][HikariPool.java:421] - HikariPool-1 - Pool stats (total=10, active=0, idle=10, waiting=0)
2024-08-01 23:32:53,619 DEBUG [HikariPool-1 housekeeper][HikariPool.java:518] - HikariPool-1 - Fill pool skipped, pool is at sufficient level.
2024-08-01 23:33:23,631 DEBUG [HikariPool-1 housekeeper][HikariPool.java:421] - HikariPool-1 - Pool stats (total=10, active=0, idle=10, waiting=0)
2024-08-01 23:33:23,631 DEBUG [HikariPool-1 housekeeper][HikariPool.java:421] - HikariPool-1 - Pool stats (total=10, active=0, idle=10, waiting=0)
2024-08-01 23:33:23,631 DEBUG [HikariPool-1 housekeeper][HikariPool.java:518] - HikariPool-1 - Fill pool skipped, pool is at sufficient level.
2024-08-01 23:33:23,631 DEBUG [HikariPool-1 housekeeper][HikariPool.java:518] - HikariPool-1 - Fill pool skipped, pool is at sufficient level.
2024-08-01 23:33:53,639 DEBUG [HikariPool-1 housekeeper][HikariPool.java:421] - HikariPool-1 - Pool stats (total=10, active=0, idle=10, waiting=0)
2024-08-01 23:33:53,639 DEBUG [HikariPool-1 housekeeper][HikariPool.java:518] - HikariPool-1 - Fill pool skipped, pool is at sufficient level.
2024-08-01 23:33:53,639 DEBUG [HikariPool-1 housekeeper][HikariPool.java:421] - HikariPool-1 - Pool stats (total=10, active=0, idle=10, waiting=0)
2024-08-01 23:33:53,639 DEBUG [HikariPool-1 housekeeper][HikariPool.java:518] - HikariPool-1 - Fill pool skipped, pool is at sufficient level.
2024-08-01 23:34:23,653 DEBUG [HikariPool-1 housekeeper][HikariPool.java:421] - HikariPool-1 - Pool stats (total=10, active=0, idle=10, waiting=0)
2024-08-01 23:34:23,653 DEBUG [HikariPool-1 housekeeper][HikariPool.java:421] - HikariPool-1 - Pool stats (total=10, active=0, idle=10, waiting=0)
2024-08-01 23:34:23,653 DEBUG [HikariPool-1 housekeeper][HikariPool.java:518] - HikariPool-1 - Fill pool skipped, pool is at sufficient level.
2024-08-01 23:34:23,653 DEBUG [HikariPool-1 housekeeper][HikariPool.java:518] - HikariPool-1 - Fill pool skipped, pool is at sufficient level.
2024-08-01 23:34:53,656 DEBUG [HikariPool-1 housekeeper][HikariPool.java:421] - HikariPool-1 - Pool stats (total=10, active=0, idle=10, waiting=0)
2024-08-01 23:34:53,656 DEBUG [HikariPool-1 housekeeper][HikariPool.java:421] - HikariPool-1 - Pool stats (total=10, active=0, idle=10, waiting=0)
2024-08-01 23:34:53,656 DEBUG [HikariPool-1 housekeeper][HikariPool.java:518] - HikariPool-1 - Fill pool skipped, pool is at sufficient level.
2024-08-01 23:34:53,656 DEBUG [HikariPool-1 housekeeper][HikariPool.java:518] - HikariPool-1 - Fill pool skipped, pool is at sufficient level.
2024-08-01 23:35:23,663 DEBUG [HikariPool-1 housekeeper][HikariPool.java:421] - HikariPool-1 - Pool stats (total=10, active=0, idle=10, waiting=0)
2024-08-01 23:35:23,663 DEBUG [HikariPool-1 housekeeper][HikariPool.java:421] - HikariPool-1 - Pool stats (total=10, active=0, idle=10, waiting=0)
2024-08-01 23:35:23,663 DEBUG [HikariPool-1 housekeeper][HikariPool.java:518] - HikariPool-1 - Fill pool skipped, pool is at sufficient level.
2024-08-01 23:35:23,663 DEBUG [HikariPool-1 housekeeper][HikariPool.java:518] - HikariPool-1 - Fill pool skipped, pool is at sufficient level.
2024-08-01 23:35:53,672 DEBUG [HikariPool-1 housekeeper][HikariPool.java:421] - HikariPool-1 - Pool stats (total=10, active=0, idle=10, waiting=0)
2024-08-01 23:35:53,672 DEBUG [HikariPool-1 housekeeper][HikariPool.java:421] - HikariPool-1 - Pool stats (total=10, active=0, idle=10, waiting=0)
2024-08-01 23:35:53,673 DEBUG [HikariPool-1 housekeeper][HikariPool.java:518] - HikariPool-1 - Fill pool skipped, pool is at sufficient level.
2024-08-01 23:35:53,673 DEBUG [HikariPool-1 housekeeper][HikariPool.java:518] - HikariPool-1 - Fill pool skipped, pool is at sufficient level.
2024-08-01 23:36:03,727 DEBUG [HikariPool-1 connection closer][PoolBase.java:134] - HikariPool-1 - Closing connection com.mysql.cj.jdbc.ConnectionImpl@2e3982e8: (connection has passed maxLifetime)
2024-08-01 23:36:03,727 DEBUG [HikariPool-1 connection closer][PoolBase.java:134] - HikariPool-1 - Closing connection com.mysql.cj.jdbc.ConnectionImpl@2e3982e8: (connection has passed maxLifetime)
2024-08-01 23:36:08,048 DEBUG [HikariPool-1 connection adder][HikariPool.java:729] - HikariPool-1 - Added connection com.mysql.cj.jdbc.ConnectionImpl@3df11b9
2024-08-01 23:36:08,048 DEBUG [HikariPool-1 connection adder][HikariPool.java:729] - HikariPool-1 - Added connection com.mysql.cj.jdbc.ConnectionImpl@3df11b9
2024-08-01 23:36:10,243 DEBUG [HikariPool-1 connection closer][PoolBase.java:134] - HikariPool-1 - Closing connection com.mysql.cj.jdbc.ConnectionImpl@498c7f90: (connection has passed maxLifetime)
2024-08-01 23:36:10,243 DEBUG [HikariPool-1 connection closer][PoolBase.java:134] - HikariPool-1 - Closing connection com.mysql.cj.jdbc.ConnectionImpl@498c7f90: (connection has passed maxLifetime)
2024-08-01 23:36:14,035 DEBUG [HikariPool-1 connection adder][HikariPool.java:729] - HikariPool-1 - Added connection com.mysql.cj.jdbc.ConnectionImpl@42e21b82
2024-08-01 23:36:14,035 DEBUG [HikariPool-1 connection adder][HikariPool.java:729] - HikariPool-1 - Added connection com.mysql.cj.jdbc.ConnectionImpl@42e21b82
2024-08-01 23:36:23,229 DEBUG [HikariPool-1 connection closer][PoolBase.java:134] - HikariPool-1 - Closing connection com.mysql.cj.jdbc.ConnectionImpl@1d852697: (connection has passed maxLifetime)
2024-08-01 23:36:23,229 DEBUG [HikariPool-1 connection closer][PoolBase.java:134] - HikariPool-1 - Closing connection com.mysql.cj.jdbc.ConnectionImpl@1d852697: (connection has passed maxLifetime)
2024-08-01 23:36:23,675 DEBUG [HikariPool-1 housekeeper][HikariPool.java:421] - HikariPool-1 - Pool stats (total=9, active=0, idle=9, waiting=0)
2024-08-01 23:36:23,675 DEBUG [HikariPool-1 housekeeper][HikariPool.java:421] - HikariPool-1 - Pool stats (total=9, active=0, idle=9, waiting=0)
2024-08-01 23:36:23,675 DEBUG [HikariPool-1 housekeeper][HikariPool.java:518] - HikariPool-1 - Fill pool skipped, pool is at sufficient level.
2024-08-01 23:36:23,675 DEBUG [HikariPool-1 housekeeper][HikariPool.java:518] - HikariPool-1 - Fill pool skipped, pool is at sufficient level.
2024-08-01 23:36:25,474 DEBUG [HikariPool-1 connection closer][PoolBase.java:134] - HikariPool-1 - Closing connection com.mysql.cj.jdbc.ConnectionImpl@19cbdfab: (connection has passed maxLifetime)
2024-08-01 23:36:25,474 DEBUG [HikariPool-1 housekeeper][HikariPool.java:342] - HikariPool-1 - Add connection elided, waiting 0, queue 1
2024-08-01 23:36:25,474 DEBUG [HikariPool-1 connection closer][PoolBase.java:134] - HikariPool-1 - Closing connection com.mysql.cj.jdbc.ConnectionImpl@19cbdfab: (connection has passed maxLifetime)
2024-08-01 23:36:25,474 DEBUG [HikariPool-1 housekeeper][HikariPool.java:342] - HikariPool-1 - Add connection elided, waiting 0, queue 1
2024-08-01 23:36:27,307 DEBUG [HikariPool-1 connection adder][HikariPool.java:729] - HikariPool-1 - Added connection com.mysql.cj.jdbc.ConnectionImpl@5401279a
2024-08-01 23:36:27,307 DEBUG [HikariPool-1 connection adder][HikariPool.java:729] - HikariPool-1 - Added connection com.mysql.cj.jdbc.ConnectionImpl@5401279a
2024-08-01 23:36:29,391 DEBUG [HikariPool-1 connection adder][HikariPool.java:729] - HikariPool-1 - Added connection com.mysql.cj.jdbc.ConnectionImpl@153c2da1
2024-08-01 23:36:29,391 DEBUG [HikariPool-1 connection adder][HikariPool.java:729] - HikariPool-1 - Added connection com.mysql.cj.jdbc.ConnectionImpl@153c2da1
2024-08-01 23:36:29,391 DEBUG [HikariPool-1 connection adder][HikariPool.java:421] - HikariPool-1 - After adding stats (total=10, active=0, idle=10, waiting=0)
2024-08-01 23:36:29,391 DEBUG [HikariPool-1 connection adder][HikariPool.java:421] - HikariPool-1 - After adding stats (total=10, active=0, idle=10, waiting=0)
2024-08-01 23:36:30,919 DEBUG [HikariPool-1 connection closer][PoolBase.java:134] - HikariPool-1 - Closing connection com.mysql.cj.jdbc.ConnectionImpl@3c97d3e3: (connection has passed maxLifetime)
2024-08-01 23:36:30,919 DEBUG [HikariPool-1 connection closer][PoolBase.java:134] - HikariPool-1 - Closing connection com.mysql.cj.jdbc.ConnectionImpl@3c97d3e3: (connection has passed maxLifetime)
2024-08-01 23:36:32,603 DEBUG [HikariPool-1 housekeeper][HikariPool.java:342] - HikariPool-1 - Add connection elided, waiting 0, queue 1
2024-08-01 23:36:32,603 DEBUG [HikariPool-1 connection closer][PoolBase.java:134] - HikariPool-1 - Closing connection com.mysql.cj.jdbc.ConnectionImpl@4c9d61ad: (connection has passed maxLifetime)
2024-08-01 23:36:32,603 DEBUG [HikariPool-1 housekeeper][HikariPool.java:342] - HikariPool-1 - Add connection elided, waiting 0, queue 1
2024-08-01 23:36:32,603 DEBUG [HikariPool-1 connection closer][PoolBase.java:134] - HikariPool-1 - Closing connection com.mysql.cj.jdbc.ConnectionImpl@4c9d61ad: (connection has passed maxLifetime)
2024-08-01 23:36:33,030 DEBUG [HikariPool-1 connection adder][HikariPool.java:729] - HikariPool-1 - Added connection com.mysql.cj.jdbc.ConnectionImpl@24637bab
2024-08-01 23:36:33,030 DEBUG [HikariPool-1 connection adder][HikariPool.java:729] - HikariPool-1 - Added connection com.mysql.cj.jdbc.ConnectionImpl@24637bab
2024-08-01 23:36:35,551 DEBUG [HikariPool-1 connection adder][HikariPool.java:729] - HikariPool-1 - Added connection com.mysql.cj.jdbc.ConnectionImpl@7513d2ee
2024-08-01 23:36:35,551 DEBUG [HikariPool-1 connection adder][HikariPool.java:729] - HikariPool-1 - Added connection com.mysql.cj.jdbc.ConnectionImpl@7513d2ee
2024-08-01 23:36:35,551 DEBUG [HikariPool-1 connection adder][HikariPool.java:421] - HikariPool-1 - After adding stats (total=10, active=0, idle=10, waiting=0)
2024-08-01 23:36:35,551 DEBUG [HikariPool-1 connection adder][HikariPool.java:421] - HikariPool-1 - After adding stats (total=10, active=0, idle=10, waiting=0)
2024-08-01 23:36:37,804 DEBUG [HikariPool-1 connection closer][PoolBase.java:134] - HikariPool-1 - Closing connection com.mysql.cj.jdbc.ConnectionImpl@7daad9d8: (connection has passed maxLifetime)
2024-08-01 23:36:37,804 DEBUG [HikariPool-1 connection closer][PoolBase.java:134] - HikariPool-1 - Closing connection com.mysql.cj.jdbc.ConnectionImpl@7daad9d8: (connection has passed maxLifetime)
2024-08-01 23:36:40,290 DEBUG [HikariPool-1 connection adder][HikariPool.java:729] - HikariPool-1 - Added connection com.mysql.cj.jdbc.ConnectionImpl@2e82b98c
2024-08-01 23:36:40,290 DEBUG [HikariPool-1 connection adder][HikariPool.java:729] - HikariPool-1 - Added connection com.mysql.cj.jdbc.ConnectionImpl@2e82b98c
2024-08-01 23:36:53,685 DEBUG [HikariPool-1 housekeeper][HikariPool.java:421] - HikariPool-1 - Pool stats (total=10, active=0, idle=10, waiting=0)
2024-08-01 23:36:53,685 DEBUG [HikariPool-1 housekeeper][HikariPool.java:421] - HikariPool-1 - Pool stats (total=10, active=0, idle=10, waiting=0)
2024-08-01 23:36:53,685 DEBUG [HikariPool-1 housekeeper][HikariPool.java:518] - HikariPool-1 - Fill pool skipped, pool is at sufficient level.
2024-08-01 23:36:53,685 DEBUG [HikariPool-1 housekeeper][HikariPool.java:518] - HikariPool-1 - Fill pool skipped, pool is at sufficient level.
2024-08-01 23:37:01,307 DEBUG [HikariPool-1 connection closer][PoolBase.java:134] - HikariPool-1 - Closing connection com.mysql.cj.jdbc.ConnectionImpl@3624704e: (connection has passed maxLifetime)
2024-08-01 23:37:01,307 DEBUG [HikariPool-1 connection closer][PoolBase.java:134] - HikariPool-1 - Closing connection com.mysql.cj.jdbc.ConnectionImpl@3624704e: (connection has passed maxLifetime)
2024-08-01 23:37:05,779 DEBUG [HikariPool-1 connection adder][HikariPool.java:729] - HikariPool-1 - Added connection com.mysql.cj.jdbc.ConnectionImpl@3a8e64cf
2024-08-01 23:37:05,779 DEBUG [HikariPool-1 connection adder][HikariPool.java:729] - HikariPool-1 - Added connection com.mysql.cj.jdbc.ConnectionImpl@3a8e64cf
2024-08-01 23:37:15,374 DEBUG [HikariPool-1 connection closer][PoolBase.java:134] - HikariPool-1 - Closing connection com.mysql.cj.jdbc.ConnectionImpl@79fa3fbe: (connection has passed maxLifetime)
2024-08-01 23:37:15,374 DEBUG [HikariPool-1 connection closer][PoolBase.java:134] - HikariPool-1 - Closing connection com.mysql.cj.jdbc.ConnectionImpl@79fa3fbe: (connection has passed maxLifetime)
2024-08-01 23:37:17,643 DEBUG [HikariPool-1 housekeeper][HikariPool.java:342] - HikariPool-1 - Add connection elided, waiting 0, queue 1
2024-08-01 23:37:17,643 DEBUG [HikariPool-1 connection closer][PoolBase.java:134] - HikariPool-1 - Closing connection com.mysql.cj.jdbc.ConnectionImpl@38c73585: (connection has passed maxLifetime)
2024-08-01 23:37:17,643 DEBUG [HikariPool-1 connection closer][PoolBase.java:134] - HikariPool-1 - Closing connection com.mysql.cj.jdbc.ConnectionImpl@38c73585: (connection has passed maxLifetime)
2024-08-01 23:37:17,643 DEBUG [HikariPool-1 housekeeper][HikariPool.java:342] - HikariPool-1 - Add connection elided, waiting 0, queue 1
2024-08-01 23:37:19,449 DEBUG [HikariPool-1 connection adder][HikariPool.java:729] - HikariPool-1 - Added connection com.mysql.cj.jdbc.ConnectionImpl@2049cb4f
2024-08-01 23:37:19,449 DEBUG [HikariPool-1 connection adder][HikariPool.java:729] - HikariPool-1 - Added connection com.mysql.cj.jdbc.ConnectionImpl@2049cb4f
2024-08-01 23:37:23,334 DEBUG [HikariPool-1 connection adder][HikariPool.java:729] - HikariPool-1 - Added connection com.mysql.cj.jdbc.ConnectionImpl@6174c174
2024-08-01 23:37:23,334 DEBUG [HikariPool-1 connection adder][HikariPool.java:421] - HikariPool-1 - After adding stats (total=10, active=0, idle=10, waiting=0)
2024-08-01 23:37:23,334 DEBUG [HikariPool-1 connection adder][HikariPool.java:729] - HikariPool-1 - Added connection com.mysql.cj.jdbc.ConnectionImpl@6174c174
2024-08-01 23:37:23,334 DEBUG [HikariPool-1 connection adder][HikariPool.java:421] - HikariPool-1 - After adding stats (total=10, active=0, idle=10, waiting=0)
2024-08-01 23:37:23,688 DEBUG [HikariPool-1 housekeeper][HikariPool.java:421] - HikariPool-1 - Pool stats (total=10, active=0, idle=10, waiting=0)
2024-08-01 23:37:23,688 DEBUG [HikariPool-1 housekeeper][HikariPool.java:421] - HikariPool-1 - Pool stats (total=10, active=0, idle=10, waiting=0)
2024-08-01 23:37:23,688 DEBUG [HikariPool-1 housekeeper][HikariPool.java:518] - HikariPool-1 - Fill pool skipped, pool is at sufficient level.
2024-08-01 23:37:23,688 DEBUG [HikariPool-1 housekeeper][HikariPool.java:518] - HikariPool-1 - Fill pool skipped, pool is at sufficient level.
2024-08-01 23:37:53,704 DEBUG [HikariPool-1 housekeeper][HikariPool.java:421] - HikariPool-1 - Pool stats (total=10, active=0, idle=10, waiting=0)
2024-08-01 23:37:53,704 DEBUG [HikariPool-1 housekeeper][HikariPool.java:421] - HikariPool-1 - Pool stats (total=10, active=0, idle=10, waiting=0)
2024-08-01 23:37:53,704 DEBUG [HikariPool-1 housekeeper][HikariPool.java:518] - HikariPool-1 - Fill pool skipped, pool is at sufficient level.
2024-08-01 23:37:53,704 DEBUG [HikariPool-1 housekeeper][HikariPool.java:518] - HikariPool-1 - Fill pool skipped, pool is at sufficient level.
2024-08-01 23:38:23,709 DEBUG [HikariPool-1 housekeeper][HikariPool.java:421] - HikariPool-1 - Pool stats (total=10, active=0, idle=10, waiting=0)
2024-08-01 23:38:23,709 DEBUG [HikariPool-1 housekeeper][HikariPool.java:518] - HikariPool-1 - Fill pool skipped, pool is at sufficient level.
2024-08-01 23:38:23,709 DEBUG [HikariPool-1 housekeeper][HikariPool.java:421] - HikariPool-1 - Pool stats (total=10, active=0, idle=10, waiting=0)
2024-08-01 23:38:23,709 DEBUG [HikariPool-1 housekeeper][HikariPool.java:518] - HikariPool-1 - Fill pool skipped, pool is at sufficient level.
2024-08-01 23:38:53,715 DEBUG [HikariPool-1 housekeeper][HikariPool.java:421] - HikariPool-1 - Pool stats (total=10, active=0, idle=10, waiting=0)
2024-08-01 23:38:53,715 DEBUG [HikariPool-1 housekeeper][HikariPool.java:421] - HikariPool-1 - Pool stats (total=10, active=0, idle=10, waiting=0)
2024-08-01 23:38:53,715 DEBUG [HikariPool-1 housekeeper][HikariPool.java:518] - HikariPool-1 - Fill pool skipped, pool is at sufficient level.
2024-08-01 23:38:53,715 DEBUG [HikariPool-1 housekeeper][HikariPool.java:518] - HikariPool-1 - Fill pool skipped, pool is at sufficient level.
2024-08-01 23:39:23,730 DEBUG [HikariPool-1 housekeeper][HikariPool.java:421] - HikariPool-1 - Pool stats (total=10, active=0, idle=10, waiting=0)
2024-08-01 23:39:23,730 DEBUG [HikariPool-1 housekeeper][HikariPool.java:518] - HikariPool-1 - Fill pool skipped, pool is at sufficient level.
2024-08-01 23:39:23,730 DEBUG [HikariPool-1 housekeeper][HikariPool.java:421] - HikariPool-1 - Pool stats (total=10, active=0, idle=10, waiting=0)
2024-08-01 23:39:23,730 DEBUG [HikariPool-1 housekeeper][HikariPool.java:518] - HikariPool-1 - Fill pool skipped, pool is at sufficient level.
2024-08-01 23:39:53,737 DEBUG [HikariPool-1 housekeeper][HikariPool.java:421] - HikariPool-1 - Pool stats (total=10, active=0, idle=10, waiting=0)
2024-08-01 23:39:53,737 DEBUG [HikariPool-1 housekeeper][HikariPool.java:421] - HikariPool-1 - Pool stats (total=10, active=0, idle=10, waiting=0)
2024-08-01 23:39:53,737 DEBUG [HikariPool-1 housekeeper][HikariPool.java:518] - HikariPool-1 - Fill pool skipped, pool is at sufficient level.
2024-08-01 23:39:53,737 DEBUG [HikariPool-1 housekeeper][HikariPool.java:518] - HikariPool-1 - Fill pool skipped, pool is at sufficient level.
2024-08-01 23:40:23,742 DEBUG [HikariPool-1 housekeeper][HikariPool.java:421] - HikariPool-1 - Pool stats (total=10, active=0, idle=10, waiting=0)
2024-08-01 23:40:23,742 DEBUG [HikariPool-1 housekeeper][HikariPool.java:421] - HikariPool-1 - Pool stats (total=10, active=0, idle=10, waiting=0)
2024-08-01 23:40:23,742 DEBUG [HikariPool-1 housekeeper][HikariPool.java:518] - HikariPool-1 - Fill pool skipped, pool is at sufficient level.
2024-08-01 23:40:23,742 DEBUG [HikariPool-1 housekeeper][HikariPool.java:518] - HikariPool-1 - Fill pool skipped, pool is at sufficient level.
2024-08-01 23:40:53,755 DEBUG [HikariPool-1 housekeeper][HikariPool.java:421] - HikariPool-1 - Pool stats (total=10, active=0, idle=10, waiting=0)
2024-08-01 23:40:53,755 DEBUG [HikariPool-1 housekeeper][HikariPool.java:421] - HikariPool-1 - Pool stats (total=10, active=0, idle=10, waiting=0)
2024-08-01 23:40:53,755 DEBUG [HikariPool-1 housekeeper][HikariPool.java:518] - HikariPool-1 - Fill pool skipped, pool is at sufficient level.
2024-08-01 23:40:53,755 DEBUG [HikariPool-1 housekeeper][HikariPool.java:518] - HikariPool-1 - Fill pool skipped, pool is at sufficient level.
2024-08-01 23:41:23,760 DEBUG [HikariPool-1 housekeeper][HikariPool.java:421] - HikariPool-1 - Pool stats (total=10, active=0, idle=10, waiting=0)
2024-08-01 23:41:23,760 DEBUG [HikariPool-1 housekeeper][HikariPool.java:421] - HikariPool-1 - Pool stats (total=10, active=0, idle=10, waiting=0)
2024-08-01 23:41:23,760 DEBUG [HikariPool-1 housekeeper][HikariPool.java:518] - HikariPool-1 - Fill pool skipped, pool is at sufficient level.
2024-08-01 23:41:23,760 DEBUG [HikariPool-1 housekeeper][HikariPool.java:518] - HikariPool-1 - Fill pool skipped, pool is at sufficient level.
2024-08-01 23:41:53,775 DEBUG [HikariPool-1 housekeeper][HikariPool.java:421] - HikariPool-1 - Pool stats (total=10, active=0, idle=10, waiting=0)
2024-08-01 23:41:53,775 DEBUG [HikariPool-1 housekeeper][HikariPool.java:421] - HikariPool-1 - Pool stats (total=10, active=0, idle=10, waiting=0)
2024-08-01 23:41:53,775 DEBUG [HikariPool-1 housekeeper][HikariPool.java:518] - HikariPool-1 - Fill pool skipped, pool is at sufficient level.
2024-08-01 23:41:53,775 DEBUG [HikariPool-1 housekeeper][HikariPool.java:518] - HikariPool-1 - Fill pool skipped, pool is at sufficient level.
2024-08-01 23:42:23,783 DEBUG [HikariPool-1 housekeeper][HikariPool.java:421] - HikariPool-1 - Pool stats (total=10, active=0, idle=10, waiting=0)
2024-08-01 23:42:23,783 DEBUG [HikariPool-1 housekeeper][HikariPool.java:421] - HikariPool-1 - Pool stats (total=10, active=0, idle=10, waiting=0)
2024-08-01 23:42:23,786 DEBUG [HikariPool-1 housekeeper][HikariPool.java:518] - HikariPool-1 - Fill pool skipped, pool is at sufficient level.
2024-08-01 23:42:23,786 DEBUG [HikariPool-1 housekeeper][HikariPool.java:518] - HikariPool-1 - Fill pool skipped, pool is at sufficient level.
2024-08-01 23:42:53,795 DEBUG [HikariPool-1 housekeeper][HikariPool.java:421] - HikariPool-1 - Pool stats (total=10, active=0, idle=10, waiting=0)
2024-08-01 23:42:53,795 DEBUG [HikariPool-1 housekeeper][HikariPool.java:421] - HikariPool-1 - Pool stats (total=10, active=0, idle=10, waiting=0)
2024-08-01 23:42:53,795 DEBUG [HikariPool-1 housekeeper][HikariPool.java:518] - HikariPool-1 - Fill pool skipped, pool is at sufficient level.
2024-08-01 23:42:53,795 DEBUG [HikariPool-1 housekeeper][HikariPool.java:518] - HikariPool-1 - Fill pool skipped, pool is at sufficient level.
2024-08-01 23:43:23,803 DEBUG [HikariPool-1 housekeeper][HikariPool.java:421] - HikariPool-1 - Pool stats (total=10, active=0, idle=10, waiting=0)
2024-08-01 23:43:23,803 DEBUG [HikariPool-1 housekeeper][HikariPool.java:421] - HikariPool-1 - Pool stats (total=10, active=0, idle=10, waiting=0)
2024-08-01 23:43:23,812 DEBUG [HikariPool-1 housekeeper][HikariPool.java:518] - HikariPool-1 - Fill pool skipped, pool is at sufficient level.
2024-08-01 23:43:23,812 DEBUG [HikariPool-1 housekeeper][HikariPool.java:518] - HikariPool-1 - Fill pool skipped, pool is at sufficient level.
2024-08-01 23:43:53,817 DEBUG [HikariPool-1 housekeeper][HikariPool.java:421] - HikariPool-1 - Pool stats (total=10, active=0, idle=10, waiting=0)
2024-08-01 23:43:53,818 DEBUG [HikariPool-1 housekeeper][HikariPool.java:518] - HikariPool-1 - Fill pool skipped, pool is at sufficient level.
2024-08-01 23:43:53,818 DEBUG [HikariPool-1 housekeeper][HikariPool.java:421] - HikariPool-1 - Pool stats (total=10, active=0, idle=10, waiting=0)
2024-08-01 23:43:53,818 DEBUG [HikariPool-1 housekeeper][HikariPool.java:518] - HikariPool-1 - Fill pool skipped, pool is at sufficient level.
2024-08-01 23:44:23,826 DEBUG [HikariPool-1 housekeeper][HikariPool.java:421] - HikariPool-1 - Pool stats (total=10, active=0, idle=10, waiting=0)
2024-08-01 23:44:23,826 DEBUG [HikariPool-1 housekeeper][HikariPool.java:421] - HikariPool-1 - Pool stats (total=10, active=0, idle=10, waiting=0)
2024-08-01 23:44:23,828 DEBUG [HikariPool-1 housekeeper][HikariPool.java:518] - HikariPool-1 - Fill pool skipped, pool is at sufficient level.
2024-08-01 23:44:23,828 DEBUG [HikariPool-1 housekeeper][HikariPool.java:518] - HikariPool-1 - Fill pool skipped, pool is at sufficient level.
2024-08-01 23:44:43,877 DEBUG [http-nio-63040-exec-9][LogFormatUtils.java:120] - GET "/content/swagger-resources", parameters={}
2024-08-01 23:44:43,877 DEBUG [http-nio-63040-exec-9][LogFormatUtils.java:120] - GET "/content/swagger-resources", parameters={}
2024-08-01 23:44:44,928 DEBUG [http-nio-63040-exec-9][AbstractHandlerMapping.java:522] - Mapped to springfox.documentation.swagger.web.ApiResourceController#swaggerResources()
2024-08-01 23:44:44,928 DEBUG [http-nio-63040-exec-9][AbstractHandlerMapping.java:522] - Mapped to springfox.documentation.swagger.web.ApiResourceController#swaggerResources()
2024-08-01 23:44:45,983 DEBUG [http-nio-63040-exec-9][AbstractMessageConverterMethodProcessor.java:268] - Using 'application/json', given [application/json, text/plain, */*] and supported [application/json, application/*+json, application/json, application/*+json]
2024-08-01 23:44:45,983 DEBUG [http-nio-63040-exec-9][AbstractMessageConverterMethodProcessor.java:268] - Using 'application/json', given [application/json, text/plain, */*] and supported [application/json, application/*+json, application/json, application/*+json]
2024-08-01 23:44:46,168 DEBUG [http-nio-63040-exec-9][LogFormatUtils.java:120] - Writing [[springfox.documentation.swagger.web.SwaggerResource@2a6ebb13]]
2024-08-01 23:44:46,168 DEBUG [http-nio-63040-exec-9][LogFormatUtils.java:120] - Writing [[springfox.documentation.swagger.web.SwaggerResource@2a6ebb13]]
2024-08-01 23:44:46,626 DEBUG [http-nio-63040-exec-9][FrameworkServlet.java:1131] - Completed 200 OK
2024-08-01 23:44:46,626 DEBUG [http-nio-63040-exec-9][FrameworkServlet.java:1131] - Completed 200 OK
2024-08-01 23:44:53,843 DEBUG [HikariPool-1 housekeeper][HikariPool.java:421] - HikariPool-1 - Pool stats (total=10, active=0, idle=10, waiting=0)
2024-08-01 23:44:53,843 DEBUG [HikariPool-1 housekeeper][HikariPool.java:421] - HikariPool-1 - Pool stats (total=10, active=0, idle=10, waiting=0)
2024-08-01 23:44:53,843 DEBUG [HikariPool-1 housekeeper][HikariPool.java:518] - HikariPool-1 - Fill pool skipped, pool is at sufficient level.
2024-08-01 23:44:53,843 DEBUG [HikariPool-1 housekeeper][HikariPool.java:518] - HikariPool-1 - Fill pool skipped, pool is at sufficient level.
2024-08-01 23:45:23,863 DEBUG [HikariPool-1 housekeeper][HikariPool.java:421] - HikariPool-1 - Pool stats (total=10, active=0, idle=10, waiting=0)
2024-08-01 23:45:23,863 DEBUG [HikariPool-1 housekeeper][HikariPool.java:421] - HikariPool-1 - Pool stats (total=10, active=0, idle=10, waiting=0)
2024-08-01 23:45:23,866 DEBUG [HikariPool-1 housekeeper][HikariPool.java:518] - HikariPool-1 - Fill pool skipped, pool is at sufficient level.
2024-08-01 23:45:23,866 DEBUG [HikariPool-1 housekeeper][HikariPool.java:518] - HikariPool-1 - Fill pool skipped, pool is at sufficient level.
2024-08-01 23:45:53,881 DEBUG [HikariPool-1 housekeeper][HikariPool.java:421] - HikariPool-1 - Pool stats (total=10, active=0, idle=10, waiting=0)
2024-08-01 23:45:53,881 DEBUG [HikariPool-1 housekeeper][HikariPool.java:421] - HikariPool-1 - Pool stats (total=10, active=0, idle=10, waiting=0)
2024-08-01 23:45:53,881 DEBUG [HikariPool-1 housekeeper][HikariPool.java:518] - HikariPool-1 - Fill pool skipped, pool is at sufficient level.
2024-08-01 23:45:53,881 DEBUG [HikariPool-1 housekeeper][HikariPool.java:518] - HikariPool-1 - Fill pool skipped, pool is at sufficient level.
2024-08-01 23:46:23,891 DEBUG [HikariPool-1 housekeeper][HikariPool.java:421] - HikariPool-1 - Pool stats (total=10, active=0, idle=10, waiting=0)
2024-08-01 23:46:23,891 DEBUG [HikariPool-1 housekeeper][HikariPool.java:421] - HikariPool-1 - Pool stats (total=10, active=0, idle=10, waiting=0)
2024-08-01 23:46:23,891 DEBUG [HikariPool-1 housekeeper][HikariPool.java:518] - HikariPool-1 - Fill pool skipped, pool is at sufficient level.
2024-08-01 23:46:23,891 DEBUG [HikariPool-1 housekeeper][HikariPool.java:518] - HikariPool-1 - Fill pool skipped, pool is at sufficient level.
2024-08-01 23:46:53,893 DEBUG [HikariPool-1 housekeeper][HikariPool.java:421] - HikariPool-1 - Pool stats (total=10, active=0, idle=10, waiting=0)
2024-08-01 23:46:53,893 DEBUG [HikariPool-1 housekeeper][HikariPool.java:421] - HikariPool-1 - Pool stats (total=10, active=0, idle=10, waiting=0)
2024-08-01 23:46:53,893 DEBUG [HikariPool-1 housekeeper][HikariPool.java:518] - HikariPool-1 - Fill pool skipped, pool is at sufficient level.
2024-08-01 23:46:53,893 DEBUG [HikariPool-1 housekeeper][HikariPool.java:518] - HikariPool-1 - Fill pool skipped, pool is at sufficient level.
2024-08-01 23:47:23,900 DEBUG [HikariPool-1 housekeeper][HikariPool.java:421] - HikariPool-1 - Pool stats (total=10, active=0, idle=10, waiting=0)
2024-08-01 23:47:23,900 DEBUG [HikariPool-1 housekeeper][HikariPool.java:518] - HikariPool-1 - Fill pool skipped, pool is at sufficient level.
2024-08-01 23:47:23,900 DEBUG [HikariPool-1 housekeeper][HikariPool.java:421] - HikariPool-1 - Pool stats (total=10, active=0, idle=10, waiting=0)
2024-08-01 23:47:23,900 DEBUG [HikariPool-1 housekeeper][HikariPool.java:518] - HikariPool-1 - Fill pool skipped, pool is at sufficient level.
2024-08-01 23:47:53,901 DEBUG [HikariPool-1 housekeeper][HikariPool.java:421] - HikariPool-1 - Pool stats (total=10, active=0, idle=10, waiting=0)
2024-08-01 23:47:53,901 DEBUG [HikariPool-1 housekeeper][HikariPool.java:421] - HikariPool-1 - Pool stats (total=10, active=0, idle=10, waiting=0)
2024-08-01 23:47:53,901 DEBUG [HikariPool-1 housekeeper][HikariPool.java:518] - HikariPool-1 - Fill pool skipped, pool is at sufficient level.
2024-08-01 23:47:53,901 DEBUG [HikariPool-1 housekeeper][HikariPool.java:518] - HikariPool-1 - Fill pool skipped, pool is at sufficient level.
2024-08-01 23:48:23,908 DEBUG [HikariPool-1 housekeeper][HikariPool.java:421] - HikariPool-1 - Pool stats (total=10, active=0, idle=10, waiting=0)
2024-08-01 23:48:23,908 DEBUG [HikariPool-1 housekeeper][HikariPool.java:421] - HikariPool-1 - Pool stats (total=10, active=0, idle=10, waiting=0)
2024-08-01 23:48:23,908 DEBUG [HikariPool-1 housekeeper][HikariPool.java:518] - HikariPool-1 - Fill pool skipped, pool is at sufficient level.
2024-08-01 23:48:23,908 DEBUG [HikariPool-1 housekeeper][HikariPool.java:518] - HikariPool-1 - Fill pool skipped, pool is at sufficient level.
2024-08-01 23:48:53,923 DEBUG [HikariPool-1 housekeeper][HikariPool.java:421] - HikariPool-1 - Pool stats (total=10, active=0, idle=10, waiting=0)
2024-08-01 23:48:53,923 DEBUG [HikariPool-1 housekeeper][HikariPool.java:421] - HikariPool-1 - Pool stats (total=10, active=0, idle=10, waiting=0)
2024-08-01 23:48:53,929 DEBUG [HikariPool-1 housekeeper][HikariPool.java:518] - HikariPool-1 - Fill pool skipped, pool is at sufficient level.
2024-08-01 23:48:53,929 DEBUG [HikariPool-1 housekeeper][HikariPool.java:518] - HikariPool-1 - Fill pool skipped, pool is at sufficient level.
2024-08-01 23:49:23,938 DEBUG [HikariPool-1 housekeeper][HikariPool.java:421] - HikariPool-1 - Pool stats (total=10, active=0, idle=10, waiting=0)
2024-08-01 23:49:23,938 DEBUG [HikariPool-1 housekeeper][HikariPool.java:421] - HikariPool-1 - Pool stats (total=10, active=0, idle=10, waiting=0)
2024-08-01 23:49:23,938 DEBUG [HikariPool-1 housekeeper][HikariPool.java:518] - HikariPool-1 - Fill pool skipped, pool is at sufficient level.
2024-08-01 23:49:23,938 DEBUG [HikariPool-1 housekeeper][HikariPool.java:518] - HikariPool-1 - Fill pool skipped, pool is at sufficient level.
2024-08-01 23:49:53,953 DEBUG [HikariPool-1 housekeeper][HikariPool.java:421] - HikariPool-1 - Pool stats (total=10, active=0, idle=10, waiting=0)
2024-08-01 23:49:53,953 DEBUG [HikariPool-1 housekeeper][HikariPool.java:421] - HikariPool-1 - Pool stats (total=10, active=0, idle=10, waiting=0)
2024-08-01 23:49:53,953 DEBUG [HikariPool-1 housekeeper][HikariPool.java:518] - HikariPool-1 - Fill pool skipped, pool is at sufficient level.
2024-08-01 23:49:53,953 DEBUG [HikariPool-1 housekeeper][HikariPool.java:518] - HikariPool-1 - Fill pool skipped, pool is at sufficient level.
2024-08-01 23:50:23,958 DEBUG [HikariPool-1 housekeeper][HikariPool.java:421] - HikariPool-1 - Pool stats (total=10, active=0, idle=10, waiting=0)
2024-08-01 23:50:23,958 DEBUG [HikariPool-1 housekeeper][HikariPool.java:421] - HikariPool-1 - Pool stats (total=10, active=0, idle=10, waiting=0)
2024-08-01 23:50:23,958 DEBUG [HikariPool-1 housekeeper][HikariPool.java:518] - HikariPool-1 - Fill pool skipped, pool is at sufficient level.
2024-08-01 23:50:23,958 DEBUG [HikariPool-1 housekeeper][HikariPool.java:518] - HikariPool-1 - Fill pool skipped, pool is at sufficient level.
2024-08-01 23:50:53,969 DEBUG [HikariPool-1 housekeeper][HikariPool.java:421] - HikariPool-1 - Pool stats (total=10, active=0, idle=10, waiting=0)
2024-08-01 23:50:53,969 DEBUG [HikariPool-1 housekeeper][HikariPool.java:421] - HikariPool-1 - Pool stats (total=10, active=0, idle=10, waiting=0)
2024-08-01 23:50:53,969 DEBUG [HikariPool-1 housekeeper][HikariPool.java:518] - HikariPool-1 - Fill pool skipped, pool is at sufficient level.
2024-08-01 23:50:53,969 DEBUG [HikariPool-1 housekeeper][HikariPool.java:518] - HikariPool-1 - Fill pool skipped, pool is at sufficient level.
2024-08-01 23:51:23,981 DEBUG [HikariPool-1 housekeeper][HikariPool.java:421] - HikariPool-1 - Pool stats (total=10, active=0, idle=10, waiting=0)
2024-08-01 23:51:23,981 DEBUG [HikariPool-1 housekeeper][HikariPool.java:421] - HikariPool-1 - Pool stats (total=10, active=0, idle=10, waiting=0)
2024-08-01 23:51:23,981 DEBUG [HikariPool-1 housekeeper][HikariPool.java:518] - HikariPool-1 - Fill pool skipped, pool is at sufficient level.
2024-08-01 23:51:23,981 DEBUG [HikariPool-1 housekeeper][HikariPool.java:518] - HikariPool-1 - Fill pool skipped, pool is at sufficient level.
2024-08-01 23:51:53,985 DEBUG [HikariPool-1 housekeeper][HikariPool.java:421] - HikariPool-1 - Pool stats (total=10, active=0, idle=10, waiting=0)
2024-08-01 23:51:53,985 DEBUG [HikariPool-1 housekeeper][HikariPool.java:421] - HikariPool-1 - Pool stats (total=10, active=0, idle=10, waiting=0)
2024-08-01 23:51:53,985 DEBUG [HikariPool-1 housekeeper][HikariPool.java:518] - HikariPool-1 - Fill pool skipped, pool is at sufficient level.
2024-08-01 23:51:53,985 DEBUG [HikariPool-1 housekeeper][HikariPool.java:518] - HikariPool-1 - Fill pool skipped, pool is at sufficient level.
2024-08-01 23:52:23,986 DEBUG [HikariPool-1 housekeeper][HikariPool.java:421] - HikariPool-1 - Pool stats (total=10, active=0, idle=10, waiting=0)
2024-08-01 23:52:23,986 DEBUG [HikariPool-1 housekeeper][HikariPool.java:421] - HikariPool-1 - Pool stats (total=10, active=0, idle=10, waiting=0)
2024-08-01 23:52:23,986 DEBUG [HikariPool-1 housekeeper][HikariPool.java:518] - HikariPool-1 - Fill pool skipped, pool is at sufficient level.
2024-08-01 23:52:23,986 DEBUG [HikariPool-1 housekeeper][HikariPool.java:518] - HikariPool-1 - Fill pool skipped, pool is at sufficient level.
2024-08-01 23:52:53,988 DEBUG [HikariPool-1 housekeeper][HikariPool.java:421] - HikariPool-1 - Pool stats (total=10, active=0, idle=10, waiting=0)
2024-08-01 23:52:53,988 DEBUG [HikariPool-1 housekeeper][HikariPool.java:421] - HikariPool-1 - Pool stats (total=10, active=0, idle=10, waiting=0)
2024-08-01 23:52:53,988 DEBUG [HikariPool-1 housekeeper][HikariPool.java:518] - HikariPool-1 - Fill pool skipped, pool is at sufficient level.
2024-08-01 23:52:53,988 DEBUG [HikariPool-1 housekeeper][HikariPool.java:518] - HikariPool-1 - Fill pool skipped, pool is at sufficient level.
2024-08-01 23:53:24,002 DEBUG [HikariPool-1 housekeeper][HikariPool.java:421] - HikariPool-1 - Pool stats (total=10, active=0, idle=10, waiting=0)
2024-08-01 23:53:24,002 DEBUG [HikariPool-1 housekeeper][HikariPool.java:518] - HikariPool-1 - Fill pool skipped, pool is at sufficient level.
2024-08-01 23:53:24,002 DEBUG [HikariPool-1 housekeeper][HikariPool.java:421] - HikariPool-1 - Pool stats (total=10, active=0, idle=10, waiting=0)
2024-08-01 23:53:24,002 DEBUG [HikariPool-1 housekeeper][HikariPool.java:518] - HikariPool-1 - Fill pool skipped, pool is at sufficient level.
2024-08-01 23:53:54,005 DEBUG [HikariPool-1 housekeeper][HikariPool.java:421] - HikariPool-1 - Pool stats (total=10, active=0, idle=10, waiting=0)
2024-08-01 23:53:54,005 DEBUG [HikariPool-1 housekeeper][HikariPool.java:421] - HikariPool-1 - Pool stats (total=10, active=0, idle=10, waiting=0)
2024-08-01 23:53:54,005 DEBUG [HikariPool-1 housekeeper][HikariPool.java:518] - HikariPool-1 - Fill pool skipped, pool is at sufficient level.
2024-08-01 23:53:54,005 DEBUG [HikariPool-1 housekeeper][HikariPool.java:518] - HikariPool-1 - Fill pool skipped, pool is at sufficient level.
2024-08-01 23:54:24,010 DEBUG [HikariPool-1 housekeeper][HikariPool.java:421] - HikariPool-1 - Pool stats (total=10, active=0, idle=10, waiting=0)
2024-08-01 23:54:24,010 DEBUG [HikariPool-1 housekeeper][HikariPool.java:421] - HikariPool-1 - Pool stats (total=10, active=0, idle=10, waiting=0)
2024-08-01 23:54:24,010 DEBUG [HikariPool-1 housekeeper][HikariPool.java:518] - HikariPool-1 - Fill pool skipped, pool is at sufficient level.
2024-08-01 23:54:24,010 DEBUG [HikariPool-1 housekeeper][HikariPool.java:518] - HikariPool-1 - Fill pool skipped, pool is at sufficient level.
2024-08-01 23:54:54,017 DEBUG [HikariPool-1 housekeeper][HikariPool.java:421] - HikariPool-1 - Pool stats (total=10, active=0, idle=10, waiting=0)
2024-08-01 23:54:54,017 DEBUG [HikariPool-1 housekeeper][HikariPool.java:421] - HikariPool-1 - Pool stats (total=10, active=0, idle=10, waiting=0)
2024-08-01 23:54:54,017 DEBUG [HikariPool-1 housekeeper][HikariPool.java:518] - HikariPool-1 - Fill pool skipped, pool is at sufficient level.
2024-08-01 23:54:54,017 DEBUG [HikariPool-1 housekeeper][HikariPool.java:518] - HikariPool-1 - Fill pool skipped, pool is at sufficient level.
2024-08-01 23:55:24,024 DEBUG [HikariPool-1 housekeeper][HikariPool.java:421] - HikariPool-1 - Pool stats (total=10, active=0, idle=10, waiting=0)
2024-08-01 23:55:24,024 DEBUG [HikariPool-1 housekeeper][HikariPool.java:518] - HikariPool-1 - Fill pool skipped, pool is at sufficient level.
2024-08-01 23:55:24,024 DEBUG [HikariPool-1 housekeeper][HikariPool.java:421] - HikariPool-1 - Pool stats (total=10, active=0, idle=10, waiting=0)
2024-08-01 23:55:24,024 DEBUG [HikariPool-1 housekeeper][HikariPool.java:518] - HikariPool-1 - Fill pool skipped, pool is at sufficient level.
2024-08-01 23:55:54,036 DEBUG [HikariPool-1 housekeeper][HikariPool.java:421] - HikariPool-1 - Pool stats (total=10, active=0, idle=10, waiting=0)
2024-08-01 23:55:54,036 DEBUG [HikariPool-1 housekeeper][HikariPool.java:421] - HikariPool-1 - Pool stats (total=10, active=0, idle=10, waiting=0)
2024-08-01 23:55:54,036 DEBUG [HikariPool-1 housekeeper][HikariPool.java:518] - HikariPool-1 - Fill pool skipped, pool is at sufficient level.
2024-08-01 23:55:54,036 DEBUG [HikariPool-1 housekeeper][HikariPool.java:518] - HikariPool-1 - Fill pool skipped, pool is at sufficient level.
2024-08-01 23:56:24,040 DEBUG [HikariPool-1 housekeeper][HikariPool.java:421] - HikariPool-1 - Pool stats (total=10, active=0, idle=10, waiting=0)
2024-08-01 23:56:24,040 DEBUG [HikariPool-1 housekeeper][HikariPool.java:421] - HikariPool-1 - Pool stats (total=10, active=0, idle=10, waiting=0)
2024-08-01 23:56:24,040 DEBUG [HikariPool-1 housekeeper][HikariPool.java:518] - HikariPool-1 - Fill pool skipped, pool is at sufficient level.
2024-08-01 23:56:24,040 DEBUG [HikariPool-1 housekeeper][HikariPool.java:518] - HikariPool-1 - Fill pool skipped, pool is at sufficient level.
2024-08-01 23:56:54,043 DEBUG [HikariPool-1 housekeeper][HikariPool.java:421] - HikariPool-1 - Pool stats (total=10, active=0, idle=10, waiting=0)
2024-08-01 23:56:54,043 DEBUG [HikariPool-1 housekeeper][HikariPool.java:421] - HikariPool-1 - Pool stats (total=10, active=0, idle=10, waiting=0)
2024-08-01 23:56:54,043 DEBUG [HikariPool-1 housekeeper][HikariPool.java:518] - HikariPool-1 - Fill pool skipped, pool is at sufficient level.
2024-08-01 23:56:54,043 DEBUG [HikariPool-1 housekeeper][HikariPool.java:518] - HikariPool-1 - Fill pool skipped, pool is at sufficient level.
2024-08-01 23:57:24,058 DEBUG [HikariPool-1 housekeeper][HikariPool.java:421] - HikariPool-1 - Pool stats (total=10, active=0, idle=10, waiting=0)
2024-08-01 23:57:24,058 DEBUG [HikariPool-1 housekeeper][HikariPool.java:421] - HikariPool-1 - Pool stats (total=10, active=0, idle=10, waiting=0)
2024-08-01 23:57:24,059 DEBUG [HikariPool-1 housekeeper][HikariPool.java:518] - HikariPool-1 - Fill pool skipped, pool is at sufficient level.
2024-08-01 23:57:24,059 DEBUG [HikariPool-1 housekeeper][HikariPool.java:518] - HikariPool-1 - Fill pool skipped, pool is at sufficient level.
2024-08-01 23:57:54,066 DEBUG [HikariPool-1 housekeeper][HikariPool.java:421] - HikariPool-1 - Pool stats (total=10, active=0, idle=10, waiting=0)
2024-08-01 23:57:54,066 DEBUG [HikariPool-1 housekeeper][HikariPool.java:421] - HikariPool-1 - Pool stats (total=10, active=0, idle=10, waiting=0)
2024-08-01 23:57:54,066 DEBUG [HikariPool-1 housekeeper][HikariPool.java:518] - HikariPool-1 - Fill pool skipped, pool is at sufficient level.
2024-08-01 23:57:54,066 DEBUG [HikariPool-1 housekeeper][HikariPool.java:518] - HikariPool-1 - Fill pool skipped, pool is at sufficient level.
2024-08-01 23:58:24,077 DEBUG [HikariPool-1 housekeeper][HikariPool.java:421] - HikariPool-1 - Pool stats (total=10, active=0, idle=10, waiting=0)
2024-08-01 23:58:24,077 DEBUG [HikariPool-1 housekeeper][HikariPool.java:421] - HikariPool-1 - Pool stats (total=10, active=0, idle=10, waiting=0)
2024-08-01 23:58:24,077 DEBUG [HikariPool-1 housekeeper][HikariPool.java:518] - HikariPool-1 - Fill pool skipped, pool is at sufficient level.
2024-08-01 23:58:24,077 DEBUG [HikariPool-1 housekeeper][HikariPool.java:518] - HikariPool-1 - Fill pool skipped, pool is at sufficient level.
2024-08-01 23:58:54,080 DEBUG [HikariPool-1 housekeeper][HikariPool.java:421] - HikariPool-1 - Pool stats (total=10, active=0, idle=10, waiting=0)
2024-08-01 23:58:54,080 DEBUG [HikariPool-1 housekeeper][HikariPool.java:421] - HikariPool-1 - Pool stats (total=10, active=0, idle=10, waiting=0)
2024-08-01 23:58:54,080 DEBUG [HikariPool-1 housekeeper][HikariPool.java:518] - HikariPool-1 - Fill pool skipped, pool is at sufficient level.
2024-08-01 23:58:54,080 DEBUG [HikariPool-1 housekeeper][HikariPool.java:518] - HikariPool-1 - Fill pool skipped, pool is at sufficient level.
2024-08-01 23:59:24,094 DEBUG [HikariPool-1 housekeeper][HikariPool.java:421] - HikariPool-1 - Pool stats (total=10, active=0, idle=10, waiting=0)
2024-08-01 23:59:24,094 DEBUG [HikariPool-1 housekeeper][HikariPool.java:421] - HikariPool-1 - Pool stats (total=10, active=0, idle=10, waiting=0)
2024-08-01 23:59:24,094 DEBUG [HikariPool-1 housekeeper][HikariPool.java:518] - HikariPool-1 - Fill pool skipped, pool is at sufficient level.
2024-08-01 23:59:24,094 DEBUG [HikariPool-1 housekeeper][HikariPool.java:518] - HikariPool-1 - Fill pool skipped, pool is at sufficient level.
2024-08-01 23:59:54,106 DEBUG [HikariPool-1 housekeeper][HikariPool.java:421] - HikariPool-1 - Pool stats (total=10, active=0, idle=10, waiting=0)
2024-08-01 23:59:54,106 DEBUG [HikariPool-1 housekeeper][HikariPool.java:421] - HikariPool-1 - Pool stats (total=10, active=0, idle=10, waiting=0)
2024-08-01 23:59:54,106 DEBUG [HikariPool-1 housekeeper][HikariPool.java:518] - HikariPool-1 - Fill pool skipped, pool is at sufficient level.
2024-08-01 23:59:54,106 DEBUG [HikariPool-1 housekeeper][HikariPool.java:518] - HikariPool-1 - Fill pool skipped, pool is at sufficient level.
