2024-08-11 22:32:00,388 ERROR [main][LoggingFailureAnalysisReporter.java:40] - 

***************************
APPLICATION FAILED TO START
***************************

Description:

The dependencies of some of the beans in the application context form a cycle:

   resouceServerConfig (field org.springframework.security.oauth2.provider.token.TokenStore com.teachmall.content.config.ResouceServerConfig.tokenStore)
┌─────┐
|  tokenConfig (field private org.springframework.security.oauth2.provider.token.store.JwtAccessTokenConverter com.teachmall.content.config.TokenConfig.accessTokenConverter)
└─────┘


Action:

Relying upon circular references is discouraged and they are prohibited by default. Update your application to remove the dependency cycle between beans. As a last resort, it may be possible to break the cycle automatically by setting spring.main.allow-circular-references to true.

2024-08-11 22:32:59,144 ERROR [main][LoggingFailureAnalysisReporter.java:40] - 

***************************
APPLICATION FAILED TO START
***************************

Description:

The dependencies of some of the beans in the application context form a cycle:

┌──->──┐
|  tokenConfig (field private org.springframework.security.oauth2.provider.token.store.JwtAccessTokenConverter com.teachmall.content.config.TokenConfig.accessTokenConverter)
└──<-──┘


Action:

Relying upon circular references is discouraged and they are prohibited by default. Update your application to remove the dependency cycle between beans. As a last resort, it may be possible to break the cycle automatically by setting spring.main.allow-circular-references to true.

